Looking in indexes: https://pypi.org/simple, https://pypi.ngc.nvidia.com
Collecting importlib (from -r requirements.txt (line 1))
  Downloading importlib-1.0.4.zip (7.1 kB)
  Preparing metadata (setup.py): started
  Preparing metadata (setup.py): finished with status 'done'
Collecting termcolor (from -r requirements.txt (line 2))
  Downloading termcolor-2.5.0-py3-none-any.whl.metadata (6.1 kB)
Requirement already satisfied: optuna in /usr/local/lib/python3.10/dist-packages (from -r requirements.txt (line 3)) (3.6.1)
Collecting ml_collections (from -r requirements.txt (line 4))
  Downloading ml_collections-1.0.0-py3-none-any.whl.metadata (22 kB)
Requirement already satisfied: alembic>=1.5.0 in /usr/local/lib/python3.10/dist-packages (from optuna->-r requirements.txt (line 3)) (1.13.2)
Requirement already satisfied: colorlog in /usr/local/lib/python3.10/dist-packages (from optuna->-r requirements.txt (line 3)) (6.8.2)
Requirement already satisfied: numpy in /usr/local/lib/python3.10/dist-packages (from optuna->-r requirements.txt (line 3)) (1.24.4)
Requirement already satisfied: packaging>=20.0 in /usr/local/lib/python3.10/dist-packages (from optuna->-r requirements.txt (line 3)) (24.0)
Requirement already satisfied: sqlalchemy>=1.3.0 in /usr/local/lib/python3.10/dist-packages (from optuna->-r requirements.txt (line 3)) (2.0.31)
Requirement already satisfied: tqdm in /usr/local/lib/python3.10/dist-packages (from optuna->-r requirements.txt (line 3)) (4.66.4)
Requirement already satisfied: PyYAML in /usr/local/lib/python3.10/dist-packages (from optuna->-r requirements.txt (line 3)) (6.0.1)
Requirement already satisfied: absl-py in /usr/local/lib/python3.10/dist-packages (from ml_collections->-r requirements.txt (line 4)) (2.1.0)
Requirement already satisfied: six in /usr/local/lib/python3.10/dist-packages (from ml_collections->-r requirements.txt (line 4)) (1.16.0)
Requirement already satisfied: Mako in /usr/local/lib/python3.10/dist-packages (from alembic>=1.5.0->optuna->-r requirements.txt (line 3)) (1.3.5)
Requirement already satisfied: typing-extensions>=4 in /usr/local/lib/python3.10/dist-packages (from alembic>=1.5.0->optuna->-r requirements.txt (line 3)) (4.12.0)
Requirement already satisfied: greenlet!=0.4.17 in /usr/local/lib/python3.10/dist-packages (from sqlalchemy>=1.3.0->optuna->-r requirements.txt (line 3)) (3.0.3)
Requirement already satisfied: MarkupSafe>=0.9.2 in /usr/local/lib/python3.10/dist-packages (from Mako->alembic>=1.5.0->optuna->-r requirements.txt (line 3)) (2.1.5)
Downloading termcolor-2.5.0-py3-none-any.whl (7.8 kB)
Downloading ml_collections-1.0.0-py3-none-any.whl (76 kB)
   ━━━━━━━━━━━━━━━━━━━━━━━━━━━━━━━━━━━━━━━━ 76.5/76.5 kB 78.0 MB/s eta 0:00:00
Building wheels for collected packages: importlib
  Building wheel for importlib (setup.py): started
  Building wheel for importlib (setup.py): finished with status 'done'
  Created wheel for importlib: filename=importlib-1.0.4-py3-none-any.whl size=5852 sha256=dc102535c6afc53f56ed74589462e19388f6836900d1817aacbdb5b377b02e04
  Stored in directory: /tmp/pip-ephem-wheel-cache-q812bzx5/wheels/0f/77/67/b2657372b2523148d81dcdd875916a417f047849169567cb2e
Successfully built importlib
Installing collected packages: importlib, termcolor, ml_collections
Successfully installed importlib-1.0.4 ml_collections-1.0.0 termcolor-2.5.0

[notice] A new release of pip is available: 24.1.2 -> 24.3.1
[notice] To update, run: python -m pip install --upgrade pip

training CNN...
Time taken: 54.48 seconds
Loss for station 51002: 1.0602 +- 0.0000 meters
10 highest loss values: [1.0602]
10 lowest loss values: [1.0602]
