Looking in indexes: https://pypi.org/simple, https://pypi.ngc.nvidia.com
Collecting importlib (from -r requirements.txt (line 1))
  Downloading importlib-1.0.4.zip (7.1 kB)
  Preparing metadata (setup.py): started
  Preparing metadata (setup.py): finished with status 'done'
Collecting termcolor (from -r requirements.txt (line 2))
  Downloading termcolor-2.5.0-py3-none-any.whl.metadata (6.1 kB)
Requirement already satisfied: optuna in /usr/local/lib/python3.10/dist-packages (from -r requirements.txt (line 3)) (3.6.1)
Collecting ml_collections (from -r requirements.txt (line 4))
  Downloading ml_collections-1.0.0-py3-none-any.whl.metadata (22 kB)
Requirement already satisfied: alembic>=1.5.0 in /usr/local/lib/python3.10/dist-packages (from optuna->-r requirements.txt (line 3)) (1.13.2)
Requirement already satisfied: colorlog in /usr/local/lib/python3.10/dist-packages (from optuna->-r requirements.txt (line 3)) (6.8.2)
Requirement already satisfied: numpy in /usr/local/lib/python3.10/dist-packages (from optuna->-r requirements.txt (line 3)) (1.24.4)
Requirement already satisfied: packaging>=20.0 in /usr/local/lib/python3.10/dist-packages (from optuna->-r requirements.txt (line 3)) (24.0)
Requirement already satisfied: sqlalchemy>=1.3.0 in /usr/local/lib/python3.10/dist-packages (from optuna->-r requirements.txt (line 3)) (2.0.31)
Requirement already satisfied: tqdm in /usr/local/lib/python3.10/dist-packages (from optuna->-r requirements.txt (line 3)) (4.66.4)
Requirement already satisfied: PyYAML in /usr/local/lib/python3.10/dist-packages (from optuna->-r requirements.txt (line 3)) (6.0.1)
Requirement already satisfied: absl-py in /usr/local/lib/python3.10/dist-packages (from ml_collections->-r requirements.txt (line 4)) (2.1.0)
Requirement already satisfied: six in /usr/local/lib/python3.10/dist-packages (from ml_collections->-r requirements.txt (line 4)) (1.16.0)
Requirement already satisfied: Mako in /usr/local/lib/python3.10/dist-packages (from alembic>=1.5.0->optuna->-r requirements.txt (line 3)) (1.3.5)
Requirement already satisfied: typing-extensions>=4 in /usr/local/lib/python3.10/dist-packages (from alembic>=1.5.0->optuna->-r requirements.txt (line 3)) (4.12.0)
Requirement already satisfied: greenlet!=0.4.17 in /usr/local/lib/python3.10/dist-packages (from sqlalchemy>=1.3.0->optuna->-r requirements.txt (line 3)) (3.0.3)
Requirement already satisfied: MarkupSafe>=0.9.2 in /usr/local/lib/python3.10/dist-packages (from Mako->alembic>=1.5.0->optuna->-r requirements.txt (line 3)) (2.1.5)
Downloading termcolor-2.5.0-py3-none-any.whl (7.8 kB)
Downloading ml_collections-1.0.0-py3-none-any.whl (76 kB)
   ━━━━━━━━━━━━━━━━━━━━━━━━━━━━━━━━━━━━━━━━ 76.5/76.5 kB 353.3 MB/s eta 0:00:00
Building wheels for collected packages: importlib
  Building wheel for importlib (setup.py): started
  Building wheel for importlib (setup.py): finished with status 'done'
  Created wheel for importlib: filename=importlib-1.0.4-py3-none-any.whl size=5852 sha256=e155661476045d0133f6b143666bc24d20a2fe2cd8c8e6e51f0860c255d08cdf
  Stored in directory: /tmp/pip-ephem-wheel-cache-_rt8wxd2/wheels/0f/77/67/b2657372b2523148d81dcdd875916a417f047849169567cb2e
Successfully built importlib
Installing collected packages: importlib, termcolor, ml_collections
Successfully installed importlib-1.0.4 ml_collections-1.0.0 termcolor-2.5.0

[notice] A new release of pip is available: 24.1.2 -> 24.3.1
[notice] To update, run: python -m pip install --upgrade pip

training CNN...
Epoch 1: 1656.1174
Epoch 2: 14848.7197
Epoch 3: 2677.6301
Epoch 4: 1225.6733
Epoch 5: 2801.7378
Epoch 6: 2436.9778
Epoch 7: 1364.2651
Epoch 8: 407.2255
Epoch 9: 14.9191
Epoch 10: 108.4645
Epoch 11: 336.1703
Epoch 12: 488.0420
Epoch 13: 502.7916
Epoch 14: 406.0630
Epoch 15: 264.4721
Epoch 16: 130.6519
Epoch 17: 42.4459
Epoch 18: 11.7762
Epoch 19: 26.9641
Epoch 20: 66.8824
Epoch 21: 109.4284
Epoch 22: 139.6346
Epoch 23: 148.0468
Epoch 24: 134.5543
Epoch 25: 105.5840
Epoch 26: 70.7071
Epoch 27: 38.7966
Epoch 28: 16.0375
Epoch 29: 5.2667
Epoch 30: 5.5110
Epoch 31: 13.3452
Epoch 32: 24.1166
Epoch 33: 33.7554
Epoch 34: 38.8736
Epoch 35: 38.4129
Epoch 36: 33.0607
Epoch 37: 24.6131
Epoch 38: 15.3622
Epoch 39: 7.6367
Epoch 40: 2.6938
Epoch 41: 1.0458
Epoch 42: 2.2200
Epoch 43: 5.1484
Epoch 44: 8.5001
Epoch 45: 11.2225
Epoch 46: 12.5188
Epoch 47: 12.1474
Epoch 48: 10.3080
Epoch 49: 7.6398
Epoch 50: 4.8194
Epoch 51: 2.5038
Epoch 52: 1.0532
Epoch 53: 0.6109
Epoch 54: 1.0029
Epoch 55: 1.8989
Epoch 56: 2.8841
Epoch 57: 3.6210
Epoch 58: 3.8854
Epoch 59: 3.6843
Epoch 60: 3.0010
Epoch 61: 2.1926
Epoch 62: 1.4022
Epoch 63: 0.8387
Epoch 64: 0.5712
Epoch 65: 0.6008
Epoch 66: 0.8446
Epoch 67: 1.1479
Epoch 68: 1.4011
Epoch 69: 1.5183
Epoch 70: 1.4594
Epoch 71: 1.2857
Epoch 72: 0.9893
Epoch 73: 0.7209
Epoch 74: 0.5073
Epoch 75: 0.4069
Epoch 76: 0.4145
Epoch 77: 0.4968
Epoch 78: 0.6150
Epoch 79: 0.7203
Epoch 80: 0.7602
Epoch 81: 0.7435
Epoch 82: 0.6879
Epoch 83: 0.5871
Epoch 84: 0.4958
Epoch 85: 0.4306
Epoch 86: 0.4076
Epoch 87: 0.4163
Epoch 88: 0.4482
Epoch 89: 0.4858
Epoch 90: 0.5079
Epoch 91: 0.5167
Epoch 92: 0.4985
Epoch 93: 0.4691
Epoch 94: 0.4390
Epoch 95: 0.4133
Epoch 96: 0.4008
Epoch 97: 0.4013
Epoch 98: 0.4128
Epoch 99: 0.4240
Epoch 100: 0.4345
Epoch 101: 0.4387
Epoch 102: 0.4342
Epoch 103: 0.4252
Epoch 104: 0.4141
Epoch 105: 0.4037
Epoch 106: 0.3972
Epoch 107: 0.3963
Epoch 108: 0.3985
Epoch 109: 0.4041
Epoch 110: 0.4089
Epoch 111: 0.4112
Epoch 112: 0.4093
Epoch 113: 0.4061
Epoch 114: 0.4006
Epoch 115: 0.3980
Epoch 116: 0.3963
Epoch 117: 0.3959
Epoch 118: 0.3971
Epoch 119: 0.3998
Epoch 120: 0.4021
Epoch 121: 0.4020
Epoch 122: 0.4001
Epoch 123: 0.3977
Epoch 124: 0.3963
Epoch 125: 0.3954
Epoch 126: 0.3953
Epoch 127: 0.3956
Epoch 128: 0.3959
Epoch 129: 0.3967
Epoch 130: 0.3970
Epoch 131: 0.3968
Epoch 132: 0.3964
Epoch 133: 0.3959
Epoch 134: 0.3956
Epoch 135: 0.3954
Epoch 136: 0.3953
Epoch 137: 0.3954
Epoch 138: 0.3955
Epoch 139: 0.3956
Epoch 140: 0.3956
Epoch 141: 0.3956
Epoch 142: 0.3954
Epoch 143: 0.3953
Epoch 144: 0.3953
Epoch 145: 0.3952
Epoch 146: 0.3952
Epoch 147: 0.3953
Epoch 148: 0.3953
Epoch 149: 0.3953
Epoch 150: 0.3953
Epoch 151: 0.3953
Epoch 152: 0.3952
Epoch 153: 0.3951
Epoch 154: 0.3951
Epoch 155: 0.3952
Epoch 156: 0.3953
Epoch 157: 0.3953
Epoch 158: 0.3953
Epoch 159: 0.3952
Epoch 160: 0.3951
Epoch 161: 0.3951
Epoch 162: 0.3951
Epoch 163: 0.3951
Epoch 164: 0.3951
Epoch 165: 0.3951
Epoch 166: 0.3951
Epoch 167: 0.3951
Epoch 168: 0.3951
Epoch 169: 0.3951
Epoch 170: 0.3950
Epoch 171: 0.3950
Epoch 172: 0.3950
Epoch 173: 0.3950
Epoch 174: 0.3950
Epoch 175: 0.3950
Epoch 176: 0.3950
Epoch 177: 0.3950
Epoch 178: 0.3950
Epoch 179: 0.3950
Epoch 180: 0.3950
Epoch 181: 0.3950
Epoch 182: 0.3950
Epoch 183: 0.3950
Epoch 184: 0.3950
Epoch 185: 0.3950
Epoch 186: 0.3950
Epoch 187: 0.3950
Epoch 188: 0.3950
Epoch 189: 0.3950
Epoch 190: 0.3950
Epoch 191: 0.3950
Epoch 192: 0.3950
Epoch 193: 0.3950
Epoch 194: 0.3950
Epoch 195: 0.3950
Epoch 196: 0.3950
Epoch 197: 0.3950
Epoch 198: 0.3950
Epoch 199: 0.3950
Epoch 200: 0.3949
Epoch 201: 0.3949
Epoch 202: 0.3949
Epoch 203: 0.3949
Epoch 204: 0.3949
Epoch 205: 0.3949
Epoch 206: 0.3949
Epoch 207: 0.3949
Epoch 208: 0.3949
Epoch 209: 0.3949
Epoch 210: 0.3949
Epoch 211: 0.3949
Epoch 212: 0.3949
Epoch 213: 0.3949
Epoch 214: 0.3949
Epoch 215: 0.3949
Epoch 216: 0.3949
Epoch 217: 0.3949
Epoch 218: 0.3949
Epoch 219: 0.3949
Epoch 220: 0.3949
Epoch 221: 0.3949
Epoch 222: 0.3949
Epoch 223: 0.3949
Epoch 224: 0.3949
Epoch 225: 0.3949
Epoch 226: 0.3949
Epoch 227: 0.3949
Epoch 228: 0.3949
Epoch 229: 0.3949
Epoch 230: 0.3949
Epoch 231: 0.3948
Epoch 232: 0.3948
Epoch 233: 0.3948
Epoch 234: 0.3948
Epoch 235: 0.3948
Epoch 236: 0.3948
Epoch 237: 0.3948
Epoch 238: 0.3948
Epoch 239: 0.3948
Epoch 240: 0.3948
Epoch 241: 0.3948
Epoch 242: 0.3948
Epoch 243: 0.3948
Epoch 244: 0.3948
Epoch 245: 0.3948
Epoch 246: 0.3948
Epoch 247: 0.3948
Epoch 248: 0.3948
Epoch 249: 0.3948
Epoch 250: 0.3948
Epoch 251: 0.3948
Epoch 252: 0.3948
Epoch 253: 0.3948
Epoch 254: 0.3948
Epoch 255: 0.3948
Epoch 256: 0.3948
Epoch 257: 0.3948
Epoch 258: 0.3948
Epoch 259: 0.3948
Epoch 260: 0.3947
Epoch 261: 0.3947
Epoch 262: 0.3947
Epoch 263: 0.3947
Epoch 264: 0.3947
Epoch 265: 0.3947
Epoch 266: 0.3947
Epoch 267: 0.3947
Epoch 268: 0.3947
Epoch 269: 0.3947
Epoch 270: 0.3947
Epoch 271: 0.3947
Epoch 272: 0.3947
Epoch 273: 0.3947
Epoch 274: 0.3947
Epoch 275: 0.3947
Epoch 276: 0.3947
Epoch 277: 0.3947
Epoch 278: 0.3947
Epoch 279: 0.3947
Epoch 280: 0.3947
Epoch 281: 0.3946
Epoch 282: 0.3946
Epoch 283: 0.3946
Epoch 284: 0.3946
Epoch 285: 0.3946
Epoch 286: 0.3946
Epoch 287: 0.3946
Epoch 288: 0.3946
Epoch 289: 0.3946
Epoch 290: 0.3946
Epoch 291: 0.3946
Epoch 292: 0.3946
Epoch 293: 0.3946
Epoch 294: 0.3946
Epoch 295: 0.3946
Epoch 296: 0.3946
Epoch 297: 0.3946
Epoch 298: 0.3946
Epoch 299: 0.3946
Epoch 300: 0.3946
Epoch 301: 0.3946
Epoch 302: 0.3946
Epoch 303: 0.3946
Epoch 304: 0.3946
Epoch 305: 0.3946
Epoch 306: 0.3946
Epoch 307: 0.3946
Epoch 308: 0.3946
Epoch 309: 0.3946
Epoch 310: 0.3946
Epoch 311: 0.3946
Epoch 312: 0.3946
Epoch 313: 0.3946
Epoch 314: 0.3945
Epoch 315: 0.3946
Epoch 316: 0.3946
Epoch 317: 0.3945
Epoch 318: 0.3945
Epoch 319: 0.3945
Epoch 320: 0.3945
Epoch 321: 0.3945
Epoch 322: 0.3945
Epoch 323: 0.3945
Epoch 324: 0.3945
Epoch 325: 0.3945
Epoch 326: 0.3945
Epoch 327: 0.3945
Epoch 328: 0.3945
Epoch 329: 0.3945
Epoch 330: 0.3945
Epoch 331: 0.3945
Epoch 332: 0.3945
Epoch 333: 0.3945
Epoch 334: 0.3945
Epoch 335: 0.3945
Epoch 336: 0.3945
Epoch 337: 0.3945
Epoch 338: 0.3945
Epoch 339: 0.3944
Epoch 340: 0.3944
Epoch 341: 0.3944
Epoch 342: 0.3944
Epoch 343: 0.3944
Epoch 344: 0.3944
Epoch 345: 0.3944
Epoch 346: 0.3944
Epoch 347: 0.3944
Epoch 348: 0.3944
Epoch 349: 0.3944
Epoch 350: 0.3944
Epoch 351: 0.3944
Epoch 352: 0.3944
Epoch 353: 0.3944
Epoch 354: 0.3944
Epoch 355: 0.3944
Epoch 356: 0.3944
Epoch 357: 0.3944
Epoch 358: 0.3944
Epoch 359: 0.3944
Epoch 360: 0.3944
Epoch 361: 0.3943
Epoch 362: 0.3943
Epoch 363: 0.3943
Epoch 364: 0.3943
Epoch 365: 0.3943
Epoch 366: 0.3943
Epoch 367: 0.3943
Epoch 368: 0.3943
Epoch 369: 0.3943
Epoch 370: 0.3943
Epoch 371: 0.3943
Epoch 372: 0.3943
Epoch 373: 0.3943
Epoch 374: 0.3943
Epoch 375: 0.3943
Epoch 376: 0.3943
Epoch 377: 0.3943
Epoch 378: 0.3943
Epoch 379: 0.3943
Epoch 380: 0.3943
Epoch 381: 0.3943
Epoch 382: 0.3943
Epoch 383: 0.3943
Epoch 384: 0.3943
Epoch 385: 0.3943
Epoch 386: 0.3942
Epoch 387: 0.3942
Epoch 388: 0.3943
Epoch 389: 0.3943
Epoch 390: 0.3943
Epoch 391: 0.3942
Epoch 392: 0.3942
Epoch 393: 0.3942
Epoch 394: 0.3942
Epoch 395: 0.3942
Epoch 396: 0.3942
Epoch 397: 0.3942
Epoch 398: 0.3942
Epoch 399: 0.3942
Epoch 400: 0.3942
Epoch 401: 0.3942
Epoch 402: 0.3942
Epoch 403: 0.3942
Epoch 404: 0.3942
Epoch 405: 0.3942
Epoch 406: 0.3942
Epoch 407: 0.3942
Epoch 408: 0.3942
Epoch 409: 0.3942
Epoch 410: 0.3941
Epoch 411: 0.3941
Epoch 412: 0.3941
Epoch 413: 0.3941
Epoch 414: 0.3941
Epoch 415: 0.3941
Epoch 416: 0.3941
Epoch 417: 0.3941
Epoch 418: 0.3941
Epoch 419: 0.3941
Epoch 420: 0.3941
Epoch 421: 0.3941
Epoch 422: 0.3941
Epoch 423: 0.3941
Epoch 424: 0.3941
Epoch 425: 0.3941
Epoch 426: 0.3941
Epoch 427: 0.3941
Epoch 428: 0.3941
Epoch 429: 0.3941
Epoch 430: 0.3941
Epoch 431: 0.3941
Epoch 432: 0.3941
Epoch 433: 0.3940
Epoch 434: 0.3940
Epoch 435: 0.3940
Epoch 436: 0.3940
Epoch 437: 0.3940
Epoch 438: 0.3940
Epoch 439: 0.3940
Epoch 440: 0.3940
Epoch 441: 0.3940
Epoch 442: 0.3940
Epoch 443: 0.3940
Epoch 444: 0.3940
Epoch 445: 0.3940
Epoch 446: 0.3940
Epoch 447: 0.3940
Epoch 448: 0.3940
Epoch 449: 0.3940
Epoch 450: 0.3940
Epoch 451: 0.3940
Epoch 452: 0.3940
Epoch 453: 0.3940
Epoch 454: 0.3940
Epoch 455: 0.3940
Epoch 456: 0.3940
Epoch 457: 0.3940
Epoch 458: 0.3940
Epoch 459: 0.3940
Epoch 460: 0.3940
Epoch 461: 0.3939
Epoch 462: 0.3939
Epoch 463: 0.3939
Epoch 464: 0.3939
Epoch 465: 0.3939
Epoch 466: 0.3939
Epoch 467: 0.3939
Epoch 468: 0.3939
Epoch 469: 0.3939
Epoch 470: 0.3939
Epoch 471: 0.3939
Epoch 472: 0.3939
Epoch 473: 0.3939
Epoch 474: 0.3939
Epoch 475: 0.3939
Epoch 476: 0.3939
Epoch 477: 0.3939
Epoch 478: 0.3939
Epoch 479: 0.3938
Epoch 480: 0.3939
Epoch 481: 0.3939
Epoch 482: 0.3938
Epoch 483: 0.3938
Epoch 484: 0.3938
Epoch 485: 0.3938
Epoch 486: 0.3938
Epoch 487: 0.3938
Epoch 488: 0.3938
Epoch 489: 0.3938
Epoch 490: 0.3938
Epoch 491: 0.3938
Epoch 492: 0.3938
Epoch 493: 0.3938
Epoch 494: 0.3938
Epoch 495: 0.3938
Epoch 496: 0.3938
Epoch 497: 0.3937
Epoch 498: 0.3937
Epoch 499: 0.3937
Epoch 500: 0.3937
Epoch 1: 0.3937
Epoch 2: 96.7038
Epoch 3: 89.9399
Epoch 4: 44.2203
Epoch 5: 12.0950
Epoch 6: 5.5497
Epoch 7: 4.4488
Epoch 8: 3.5489
Epoch 9: 1.6517
Epoch 10: 1.7940
Epoch 11: 2.2446
Epoch 12: 2.0704
Epoch 13: 1.3991
Epoch 14: 0.6728
Epoch 15: 0.6956
Epoch 16: 0.7132
Epoch 17: 0.7822
Epoch 18: 0.6882
Epoch 19: 0.5224
Epoch 20: 0.5360
Epoch 21: 0.5516
Epoch 22: 0.4679
Epoch 23: 0.4218
Epoch 24: 0.4484
Epoch 25: 0.4642
Epoch 26: 0.4524
Epoch 27: 0.4383
Epoch 28: 0.4396
Epoch 29: 0.4362
Epoch 30: 0.4217
Epoch 31: 0.4149
Epoch 32: 0.4254
Epoch 33: 0.4316
Epoch 34: 0.4274
Epoch 35: 0.4256
Epoch 36: 0.4283
Epoch 37: 0.4243
Epoch 38: 0.4154
Epoch 39: 0.4142
Epoch 40: 0.4180
Epoch 41: 0.4169
Epoch 42: 0.4161
Epoch 43: 0.4190
Epoch 44: 0.4188
Epoch 45: 0.4152
Epoch 46: 0.4130
Epoch 47: 0.4137
Epoch 48: 0.4125
Epoch 49: 0.4118
Epoch 50: 0.4136
Epoch 51: 0.4139
Epoch 52: 0.4148
Epoch 53: 0.4125
Epoch 54: 0.4136
Epoch 55: 0.4119
Epoch 56: 0.4108
Epoch 57: 0.4123
Epoch 58: 0.4124
Epoch 59: 0.4117
Epoch 60: 0.4122
Epoch 61: 0.4122
Epoch 62: 0.4112
Epoch 63: 0.4110
Epoch 64: 0.4113
Epoch 65: 0.4110
Epoch 66: 0.4108
Epoch 67: 0.4113
Epoch 68: 0.4110
Epoch 69: 0.4106
Epoch 70: 0.4105
Epoch 71: 0.4101
Epoch 72: 0.4104
Epoch 73: 0.4103
Epoch 74: 0.4103
Epoch 75: 0.4103
Epoch 76: 0.4102
Epoch 77: 0.4102
Epoch 78: 0.4102
Epoch 79: 0.4102
Epoch 80: 0.4101
Epoch 81: 0.4101
Epoch 82: 0.4101
Epoch 83: 0.4101
Epoch 84: 0.4100
Epoch 85: 0.4100
Epoch 86: 0.4099
Epoch 87: 0.4099
Epoch 88: 0.4099
Epoch 89: 0.4098
Epoch 90: 0.4098
Epoch 91: 0.4098
Epoch 92: 0.4097
Epoch 93: 0.4097
Epoch 94: 0.4096
Epoch 95: 0.4096
Epoch 96: 0.4095
Epoch 97: 0.4095
Epoch 98: 0.4095
Epoch 99: 0.4094
Epoch 100: 0.4094
Epoch 101: 0.4094
Epoch 102: 0.4093
Epoch 103: 0.4093
Epoch 104: 0.4093
Epoch 105: 0.4092
Epoch 106: 0.4092
Epoch 107: 0.4091
Epoch 108: 0.4091
Epoch 109: 0.4091
Epoch 110: 0.4090
Epoch 111: 0.4090
Epoch 112: 0.4090
Epoch 113: 0.4089
Epoch 114: 0.4089
Epoch 115: 0.4088
Epoch 116: 0.4088
Epoch 117: 0.4088
Epoch 118: 0.4087
Epoch 119: 0.4087
Epoch 120: 0.4086
Epoch 121: 0.4086
Epoch 122: 0.4085
Epoch 123: 0.4085
Epoch 124: 0.4085
Epoch 125: 0.4084
Epoch 126: 0.4084
Epoch 127: 0.4083
Epoch 128: 0.4083
Epoch 129: 0.4083
Epoch 130: 0.4082
Epoch 131: 0.4082
Epoch 132: 0.4081
Epoch 133: 0.4081
Epoch 134: 0.4081
Epoch 135: 0.4080
Epoch 136: 0.4080
Epoch 137: 0.4079
Epoch 138: 0.4079
Epoch 139: 0.4078
Epoch 140: 0.4078
Epoch 141: 0.4078
Epoch 142: 0.4077
Epoch 143: 0.4077
Epoch 144: 0.4076
Epoch 145: 0.4075
Epoch 146: 0.4075
Epoch 147: 0.4074
Epoch 148: 0.4074
Epoch 149: 0.4073
Epoch 150: 0.4073
Epoch 151: 0.4073
Epoch 152: 0.4073
Epoch 153: 0.4071
Epoch 154: 0.4073
Epoch 155: 0.4072
Epoch 156: 0.4070
Epoch 157: 0.4072
Epoch 158: 0.4069
Epoch 159: 0.4069
Epoch 160: 0.4068
Epoch 161: 0.4068
Epoch 162: 0.4068
Epoch 163: 0.4067
Epoch 164: 0.4066
Epoch 165: 0.4068
Epoch 166: 0.4064
Epoch 167: 0.4067
Epoch 168: 0.4065
Epoch 169: 0.4064
Epoch 170: 0.4066
Epoch 171: 0.4062
Epoch 172: 0.4064
Epoch 173: 0.4063
Epoch 174: 0.4061
Epoch 175: 0.4063
Epoch 176: 0.4059
Epoch 177: 0.4062
Epoch 178: 0.4060
Epoch 179: 0.4057
Epoch 180: 0.4058
Epoch 181: 0.4056
Epoch 182: 0.4056
Epoch 183: 0.4055
Epoch 184: 0.4055
Epoch 185: 0.4054
Epoch 186: 0.4053
Epoch 187: 0.4053
Epoch 188: 0.4052
Epoch 189: 0.4052
Epoch 190: 0.4052
Epoch 191: 0.4050
Epoch 192: 0.4051
Epoch 193: 0.4049
Epoch 194: 0.4049
Epoch 195: 0.4048
Epoch 196: 0.4047
Epoch 197: 0.4047
Epoch 198: 0.4046
Epoch 199: 0.4046
Epoch 200: 0.4045
Epoch 201: 0.4044
Epoch 202: 0.4044
Epoch 203: 0.4042
Epoch 204: 0.4042
Epoch 205: 0.4041
Epoch 206: 0.4041
Epoch 207: 0.4040
Epoch 208: 0.4039
Epoch 209: 0.4039
Epoch 210: 0.4038
Epoch 211: 0.4037
Epoch 212: 0.4037
Epoch 213: 0.4036
Epoch 214: 0.4035
Epoch 215: 0.4035
Epoch 216: 0.4034
Epoch 217: 0.4033
Epoch 218: 0.4033
Epoch 219: 0.4032
Epoch 220: 0.4031
Epoch 221: 0.4030
Epoch 222: 0.4030
Epoch 223: 0.4029
Epoch 224: 0.4028
Epoch 225: 0.4028
Epoch 226: 0.4027
Epoch 227: 0.4026
Epoch 228: 0.4025
Epoch 229: 0.4025
Epoch 230: 0.4024
Epoch 231: 0.4023
Epoch 232: 0.4023
Epoch 233: 0.4022
Epoch 234: 0.4022
Epoch 235: 0.4020
Epoch 236: 0.4020
Epoch 237: 0.4019
Epoch 238: 0.4019
Epoch 239: 0.4019
Epoch 240: 0.4018
Epoch 241: 0.4016
Epoch 242: 0.4015
Epoch 243: 0.4015
Epoch 244: 0.4014
Epoch 245: 0.4014
Epoch 246: 0.4016
Epoch 247: 0.4012
Epoch 248: 0.4011
Epoch 249: 0.4013
Epoch 250: 0.4011
Epoch 251: 0.4008
Epoch 252: 0.4010
Epoch 253: 0.4007
Epoch 254: 0.4007
Epoch 255: 0.4008
Epoch 256: 0.4005
Epoch 257: 0.4005
Epoch 258: 0.4006
Epoch 259: 0.4002
Epoch 260: 0.4003
Epoch 261: 0.4002
Epoch 262: 0.4000
Epoch 263: 0.4001
Epoch 264: 0.3998
Epoch 265: 0.3999
Epoch 266: 0.4001
Epoch 267: 0.3996
Epoch 268: 0.3996
Epoch 269: 0.3992
Epoch 270: 0.3991
Epoch 271: 0.3990
Epoch 272: 0.3989
Epoch 273: 0.3989
Epoch 274: 0.3986
Epoch 275: 0.3988
Epoch 276: 0.3985
Epoch 277: 0.3986
Epoch 278: 0.3984
Epoch 279: 0.3986
Epoch 280: 0.3983
Epoch 281: 0.3983
Epoch 282: 0.3981
Epoch 283: 0.3981
Epoch 284: 0.3979
Epoch 285: 0.3978
Epoch 286: 0.3979
Epoch 287: 0.3979
Epoch 288: 0.3978
Epoch 289: 0.3980
Epoch 290: 0.3980
Epoch 291: 0.3977
Epoch 292: 0.3978
Epoch 293: 0.3977
Epoch 294: 0.3976
Epoch 295: 0.3975
Epoch 296: 0.3975
Epoch 297: 0.3973
Epoch 298: 0.3973
Epoch 299: 0.3971
Epoch 300: 0.3970
Epoch 301: 0.3968
Epoch 302: 0.3967
Epoch 303: 0.3965
Epoch 304: 0.3964
Epoch 305: 0.3962
Epoch 306: 0.3966
Epoch 307: 0.3967
Epoch 308: 0.3965
Epoch 309: 0.3963
Epoch 310: 0.3963
Epoch 311: 0.3964
Epoch 312: 0.3962
Epoch 313: 0.3960
Epoch 314: 0.3961
Epoch 315: 0.3961
Epoch 316: 0.3959
Epoch 317: 0.3958
Epoch 318: 0.3958
Epoch 319: 0.3956
Epoch 320: 0.3955
Epoch 321: 0.3955
Epoch 322: 0.3954
Epoch 323: 0.3953
Epoch 324: 0.3953
Epoch 325: 0.3956
Epoch 326: 0.3957
Epoch 327: 0.3953
Epoch 328: 0.3950
Epoch 329: 0.3951
Epoch 330: 0.3951
Epoch 331: 0.3948
Epoch 332: 0.3948
Epoch 333: 0.3951
Epoch 334: 0.3952
Epoch 335: 0.3946
Epoch 336: 0.3945
Epoch 337: 0.3949
Epoch 338: 0.3949
Epoch 339: 0.3944
Epoch 340: 0.3942
Epoch 341: 0.3945
Epoch 342: 0.3951
Epoch 343: 0.3955
Epoch 344: 0.3951
Epoch 345: 0.3941
Epoch 346: 0.3939
Epoch 347: 0.3946
Epoch 348: 0.3942
Epoch 349: 0.3935
Epoch 350: 0.3943
Epoch 351: 0.3952
Epoch 352: 0.3943
Epoch 353: 0.3933
Epoch 354: 0.3936
Epoch 355: 0.3939
Epoch 356: 0.3933
Epoch 357: 0.3932
Epoch 358: 0.3938
Epoch 359: 0.3935
Epoch 360: 0.3929
Epoch 361: 0.3932
Epoch 362: 0.3947
Epoch 363: 0.3950
Epoch 364: 0.3931
Epoch 365: 0.3928
Epoch 366: 0.3941
Epoch 367: 0.3937
Epoch 368: 0.3924
Epoch 369: 0.3929
Epoch 370: 0.3938
Epoch 371: 0.3931
Epoch 372: 0.3921
Epoch 373: 0.3922
Epoch 374: 0.3922
Epoch 375: 0.3919
Epoch 376: 0.3921
Epoch 377: 0.3925
Epoch 378: 0.3926
Epoch 379: 0.3921
Epoch 380: 0.3916
Epoch 381: 0.3915
Epoch 382: 0.3917
Epoch 383: 0.3917
Epoch 384: 0.3914
Epoch 385: 0.3913
Epoch 386: 0.3922
Epoch 387: 0.3930
Epoch 388: 0.3922
Epoch 389: 0.3911
Epoch 390: 0.3910
Epoch 391: 0.3914
Epoch 392: 0.3914
Epoch 393: 0.3908
Epoch 394: 0.3907
Epoch 395: 0.3910
Epoch 396: 0.3915
Epoch 397: 0.3914
Epoch 398: 0.3906
Epoch 399: 0.3904
Epoch 400: 0.3913
Epoch 401: 0.3919
Epoch 402: 0.3913
Epoch 403: 0.3906
Epoch 404: 0.3901
Epoch 405: 0.3899
Epoch 406: 0.3899
Epoch 407: 0.3898
Epoch 408: 0.3898
Epoch 409: 0.3897
Epoch 410: 0.3898
Epoch 411: 0.3900
Epoch 412: 0.3901
Epoch 413: 0.3896
Epoch 414: 0.3894
Epoch 415: 0.3899
Epoch 416: 0.3909
Epoch 417: 0.3910
Epoch 418: 0.3898
Epoch 419: 0.3890
Epoch 420: 0.3897
Epoch 421: 0.3901
Epoch 422: 0.3893
Epoch 423: 0.3888
Epoch 424: 0.3891
Epoch 425: 0.3894
Epoch 426: 0.3891
Epoch 427: 0.3885
Epoch 428: 0.3887
Epoch 429: 0.3891
Epoch 430: 0.3888
Epoch 431: 0.3883
Epoch 432: 0.3882
Epoch 433: 0.3884
Epoch 434: 0.3888
Epoch 435: 0.3891
Epoch 436: 0.3890
Epoch 437: 0.3884
Epoch 438: 0.3878
Epoch 439: 0.3883
Epoch 440: 0.3893
Epoch 441: 0.3892
Epoch 442: 0.3878
Epoch 443: 0.3876
Epoch 444: 0.3885
Epoch 445: 0.3886
Epoch 446: 0.3876
Epoch 447: 0.3872
Epoch 448: 0.3875
Epoch 449: 0.3875
Epoch 450: 0.3871
Epoch 451: 0.3869
Epoch 452: 0.3871
Epoch 453: 0.3871
Epoch 454: 0.3869
Epoch 455: 0.3866
Epoch 456: 0.3865
Epoch 457: 0.3867
Epoch 458: 0.3868
Epoch 459: 0.3865
Epoch 460: 0.3863
Epoch 461: 0.3862
Epoch 462: 0.3861
Epoch 463: 0.3860
Epoch 464: 0.3860
Epoch 465: 0.3860
Epoch 466: 0.3859
Epoch 467: 0.3857
Epoch 468: 0.3857
Epoch 469: 0.3856
Epoch 470: 0.3855
Epoch 471: 0.3855
Epoch 472: 0.3855
Epoch 473: 0.3854
Epoch 474: 0.3853
Epoch 475: 0.3852
Epoch 476: 0.3852
Epoch 477: 0.3852
Epoch 478: 0.3854
Epoch 479: 0.3860
Epoch 480: 0.3869
Epoch 481: 0.3883
Epoch 482: 0.3900
Epoch 483: 0.3917
Epoch 484: 0.3924
Epoch 485: 0.3908
Epoch 486: 0.3880
Epoch 487: 0.3858
Epoch 488: 0.3846
Epoch 489: 0.3841
Epoch 490: 0.3845
Epoch 491: 0.3859
Epoch 492: 0.3884
Epoch 493: 0.3902
Epoch 494: 0.3895
Epoch 495: 0.3869
Epoch 496: 0.3843
Epoch 497: 0.3837
Epoch 498: 0.3852
Epoch 499: 0.3874
Epoch 500: 0.3895
Epoch 1: 0.3896
Epoch 2: 56.2587
Epoch 3: 6.0424
Epoch 4: 2.8640
Epoch 5: 5.8193
Epoch 6: 5.6187
Epoch 7: 3.6837
Epoch 8: 2.1387
Epoch 9: 1.3076
Epoch 10: 0.9613
Epoch 11: 0.8376
Epoch 12: 0.9487
Epoch 13: 0.9937
Epoch 14: 0.7891
Epoch 15: 0.9670
Epoch 16: 0.6411
Epoch 17: 0.7188
Epoch 18: 0.7195
Epoch 19: 0.8045
Epoch 20: 0.6804
Epoch 21: 0.5557
Epoch 22: 0.7010
Epoch 23: 0.4043
Epoch 24: 0.6457
Epoch 25: 0.4875
Epoch 26: 0.4834
Epoch 27: 0.5690
Epoch 28: 0.4006
Epoch 29: 0.4944
Epoch 30: 0.4819
Epoch 31: 0.4121
Epoch 32: 0.4992
Epoch 33: 0.4493
Epoch 34: 0.4134
Epoch 35: 0.4678
Epoch 36: 0.4178
Epoch 37: 0.4138
Epoch 38: 0.4494
Epoch 39: 0.4075
Epoch 40: 0.4134
Epoch 41: 0.4300
Epoch 42: 0.4010
Epoch 43: 0.4112
Epoch 44: 0.4223
Epoch 45: 0.4013
Epoch 46: 0.4105
Epoch 47: 0.4159
Epoch 48: 0.3987
Epoch 49: 0.4072
Epoch 50: 0.4074
Epoch 51: 0.3963
Epoch 52: 0.5677
Epoch 53: 0.4272
Epoch 54: 0.4031
Epoch 55: 0.4086
Epoch 56: 0.4192
Epoch 57: 0.3990
Epoch 58: 0.4071
Epoch 59: 0.4107
Epoch 60: 0.3981
Epoch 61: 0.4066
Epoch 62: 0.4063
Epoch 63: 0.3972
Epoch 64: 0.4051
Epoch 65: 0.4012
Epoch 66: 0.3967
Epoch 67: 0.4034
Epoch 68: 0.3987
Epoch 69: 0.3972
Epoch 70: 0.4010
Epoch 71: 0.3956
Epoch 72: 0.3970
Epoch 73: 0.3981
Epoch 74: 0.3946
Epoch 75: 0.3967
Epoch 76: 0.3961
Epoch 77: 0.3937
Epoch 78: 0.3955
Epoch 79: 0.3940
Epoch 80: 0.3933
Epoch 81: 0.3941
Epoch 82: 0.3924
Epoch 83: 0.3929
Epoch 84: 0.3926
Epoch 85: 0.3914
Epoch 86: 0.3918
Epoch 87: 0.3912
Epoch 88: 0.3906
Epoch 89: 0.3910
Epoch 90: 0.3896
Epoch 91: 0.3896
Epoch 92: 0.3895
Epoch 93: 0.3885
Epoch 94: 0.3886
Epoch 95: 0.3883
Epoch 96: 0.3877
Epoch 97: 0.3873
Epoch 98: 0.3868
Epoch 99: 0.3866
Epoch 100: 0.3859
Epoch 101: 0.3856
Epoch 102: 0.3850
Epoch 103: 0.3844
Epoch 104: 0.3840
Epoch 105: 0.3834
Epoch 106: 0.3833
Epoch 107: 0.3824
Epoch 108: 0.3819
Epoch 109: 0.3816
Epoch 110: 0.3811
Epoch 111: 0.3805
Epoch 112: 0.3801
Epoch 113: 0.3796
Epoch 114: 0.3792
Epoch 115: 0.3787
Epoch 116: 0.3783
Epoch 117: 0.3778
Epoch 118: 0.3774
Epoch 119: 0.3770
Epoch 120: 0.3766
Epoch 121: 0.3764
Epoch 122: 0.3758
Epoch 123: 0.3754
Epoch 124: 0.3751
Epoch 125: 0.3748
Epoch 126: 0.3743
Epoch 127: 0.3740
Epoch 128: 0.3738
Epoch 129: 0.3733
Epoch 130: 0.3733
Epoch 131: 0.3726
Epoch 132: 0.3726
Epoch 133: 0.3718
Epoch 134: 0.3719
Epoch 135: 0.3711
Epoch 136: 0.3711
Epoch 137: 0.3703
Epoch 138: 0.3702
Epoch 139: 0.3698
Epoch 140: 0.3693
Epoch 141: 0.3694
Epoch 142: 0.3686
Epoch 143: 0.3688
Epoch 144: 0.3681
Epoch 145: 0.3678
Epoch 146: 0.3670
Epoch 147: 0.3672
Epoch 148: 0.3664
Epoch 149: 0.3665
Epoch 150: 0.3661
Epoch 151: 0.3654
Epoch 152: 0.3652
Epoch 153: 0.3649
Epoch 154: 0.3646
Epoch 155: 0.3642
Epoch 156: 0.3635
Epoch 157: 0.3636
Epoch 158: 0.3629
Epoch 159: 0.3630
Epoch 160: 0.3625
Epoch 161: 0.3618
Epoch 162: 0.3624
Epoch 163: 0.3615
Epoch 164: 0.3612
Epoch 165: 0.3609
Epoch 166: 0.3604
Epoch 167: 0.3604
Epoch 168: 0.3594
Epoch 169: 0.3598
Epoch 170: 0.3597
Epoch 171: 0.3590
Epoch 172: 0.3593
Epoch 173: 0.3585
Epoch 174: 0.3580
Epoch 175: 0.3578
Epoch 176: 0.3572
Epoch 177: 0.3577
Epoch 178: 0.3564
Epoch 179: 0.3567
Epoch 180: 0.3563
Epoch 181: 0.3561
Epoch 182: 0.3560
Epoch 183: 0.3550
Epoch 184: 0.3553
Epoch 185: 0.3543
Epoch 186: 0.3546
Epoch 187: 0.3537
Epoch 188: 0.3538
Epoch 189: 0.3535
Epoch 190: 0.3528
Epoch 191: 0.3530
Epoch 192: 0.3521
Epoch 193: 0.3521
Epoch 194: 0.3517
Epoch 195: 0.3514
Epoch 196: 0.3510
Epoch 197: 0.3508
Epoch 198: 0.3504
Epoch 199: 0.3500
Epoch 200: 0.3500
Epoch 201: 0.3493
Epoch 202: 0.3494
Epoch 203: 0.3488
Epoch 204: 0.3486
Epoch 205: 0.3485
Epoch 206: 0.3477
Epoch 207: 0.3480
Epoch 208: 0.3476
Epoch 209: 0.3468
Epoch 210: 0.3469
Epoch 211: 0.3461
Epoch 212: 0.3462
Epoch 213: 0.3456
Epoch 214: 0.3457
Epoch 215: 0.3452
Epoch 216: 0.3448
Epoch 217: 0.3443
Epoch 218: 0.3441
Epoch 219: 0.3438
Epoch 220: 0.3432
Epoch 221: 0.3431
Epoch 222: 0.3431
Epoch 223: 0.3424
Epoch 224: 0.3424
Epoch 225: 0.3415
Epoch 226: 0.3420
Epoch 227: 0.3408
Epoch 228: 0.3407
Epoch 229: 0.3406
Epoch 230: 0.3398
Epoch 231: 0.3401
Epoch 232: 0.3396
Epoch 233: 0.3388
Epoch 234: 0.3387
Epoch 235: 0.3386
Epoch 236: 0.3380
Epoch 237: 0.3376
Epoch 238: 0.3379
Epoch 239: 0.3367
Epoch 240: 0.3365
Epoch 241: 0.3363
Epoch 242: 0.3355
Epoch 243: 0.3353
Epoch 244: 0.3348
Epoch 245: 0.3345
Epoch 246: 0.3340
Epoch 247: 0.3336
Epoch 248: 0.3332
Epoch 249: 0.3328
Epoch 250: 0.3324
Epoch 251: 0.3321
Epoch 252: 0.3316
Epoch 253: 0.3314
Epoch 254: 0.3314
Epoch 255: 0.3312
Epoch 256: 0.3305
Epoch 257: 0.3297
Epoch 258: 0.3297
Epoch 259: 0.3300
Epoch 260: 0.3298
Epoch 261: 0.3283
Epoch 262: 0.3281
Epoch 263: 0.3288
Epoch 264: 0.3288
Epoch 265: 0.3271
Epoch 266: 0.3262
Epoch 267: 0.3262
Epoch 268: 0.3261
Epoch 269: 0.3254
Epoch 270: 0.3244
Epoch 271: 0.3241
Epoch 272: 0.3237
Epoch 273: 0.3235
Epoch 274: 0.3228
Epoch 275: 0.3224
Epoch 276: 0.3220
Epoch 277: 0.3217
Epoch 278: 0.3212
Epoch 279: 0.3214
Epoch 280: 0.3223
Epoch 281: 0.3255
Epoch 282: 0.3305
Epoch 283: 0.3358
Epoch 284: 0.3302
Epoch 285: 0.3220
Epoch 286: 0.3184
Epoch 287: 0.3204
Epoch 288: 0.3284
Epoch 289: 0.3327
Epoch 290: 0.3299
Epoch 291: 0.3227
Epoch 292: 0.3170
Epoch 293: 0.3159
Epoch 294: 0.3175
Epoch 295: 0.3195
Epoch 296: 0.3201
Epoch 297: 0.3187
Epoch 298: 0.3167
Epoch 299: 0.3143
Epoch 300: 0.3134
Epoch 301: 0.3135
Epoch 302: 0.3138
Epoch 303: 0.3147
Epoch 304: 0.3158
Epoch 305: 0.3177
Epoch 306: 0.3200
Epoch 307: 0.3226
Epoch 308: 0.3243
Epoch 309: 0.3231
Epoch 310: 0.3220
Epoch 311: 0.3210
Epoch 312: 0.3213
Epoch 313: 0.3210
Epoch 314: 0.3215
Epoch 315: 0.3209
Epoch 316: 0.3195
Epoch 317: 0.3167
Epoch 318: 0.3142
Epoch 319: 0.3121
Epoch 320: 0.3103
Epoch 321: 0.3086
Epoch 322: 0.3075
Epoch 323: 0.3068
Epoch 324: 0.3063
Epoch 325: 0.3059
Epoch 326: 0.3057
Epoch 327: 0.3054
Epoch 328: 0.3052
Epoch 329: 0.3050
Epoch 330: 0.3046
Epoch 331: 0.3043
Epoch 332: 0.3039
Epoch 333: 0.3036
Epoch 334: 0.3032
Epoch 335: 0.3030
Epoch 336: 0.3033
Epoch 337: 0.3064
Epoch 338: 0.3208
Epoch 339: 0.3708
Epoch 340: 0.4988
Epoch 341: 0.7910
Epoch 342: 0.7762
Epoch 343: 0.4937
Epoch 344: 0.3162
Epoch 345: 0.5311
Epoch 346: 0.4021
Epoch 347: 0.3526
Epoch 348: 0.4401
Epoch 349: 0.3069
Epoch 350: 0.4047
Epoch 351: 0.3058
Epoch 352: 0.3835
Epoch 353: 0.3064
Epoch 354: 0.3608
Epoch 355: 0.3098
Epoch 356: 0.3454
Epoch 357: 0.3162
Epoch 358: 0.3260
Epoch 359: 0.3215
Epoch 360: 0.3171
Epoch 361: 0.3281
Epoch 362: 0.3138
Epoch 363: 0.3189
Epoch 364: 0.3220
Epoch 365: 0.3109
Epoch 366: 0.3184
Epoch 367: 0.3169
Epoch 368: 0.3117
Epoch 369: 0.3171
Epoch 370: 0.3127
Epoch 371: 0.3112
Epoch 372: 0.3149
Epoch 373: 0.3092
Epoch 374: 0.3107
Epoch 375: 0.3115
Epoch 376: 0.3075
Epoch 377: 0.3101
Epoch 378: 0.3085
Epoch 379: 0.3066
Epoch 380: 0.3084
Epoch 381: 0.3061
Epoch 382: 0.3062
Epoch 383: 0.3066
Epoch 384: 0.3047
Epoch 385: 0.3054
Epoch 386: 0.3049
Epoch 387: 0.3039
Epoch 388: 0.3047
Epoch 389: 0.3036
Epoch 390: 0.3035
Epoch 391: 0.3036
Epoch 392: 0.3026
Epoch 393: 0.3029
Epoch 394: 0.3024
Epoch 395: 0.3019
Epoch 396: 0.3022
Epoch 397: 0.3014
Epoch 398: 0.3014
Epoch 399: 0.3011
Epoch 400: 0.3005
Epoch 401: 0.3004
Epoch 402: 0.3000
Epoch 403: 0.2996
Epoch 404: 0.2993
Epoch 405: 0.2987
Epoch 406: 0.2985
Epoch 407: 0.2980
Epoch 408: 0.2975
Epoch 409: 0.2970
Epoch 410: 0.2962
Epoch 411: 0.2958
Epoch 412: 0.2950
Epoch 413: 0.2946
Epoch 414: 0.2941
Epoch 415: 0.2938
Epoch 416: 0.2937
Epoch 417: 0.2935
Epoch 418: 0.2933
Epoch 419: 0.2930
Epoch 420: 0.2927
Epoch 421: 0.2923
Epoch 422: 0.2919
Epoch 423: 0.2915
Epoch 424: 0.2911
Epoch 425: 0.2908
Epoch 426: 0.2906
Epoch 427: 0.2904
Epoch 428: 0.2902
Epoch 429: 0.2899
Epoch 430: 0.2897
Epoch 431: 0.2894
Epoch 432: 0.2892
Epoch 433: 0.2889
Epoch 434: 0.2886
Epoch 435: 0.2884
Epoch 436: 0.2881
Epoch 437: 0.2879
Epoch 438: 0.2877
Epoch 439: 0.2875
Epoch 440: 0.2873
Epoch 441: 0.2870
Epoch 442: 0.2868
Epoch 443: 0.2866
Epoch 444: 0.2864
Epoch 445: 0.2862
Epoch 446: 0.2860
Epoch 447: 0.2858
Epoch 448: 0.2857
Epoch 449: 0.2855
Epoch 450: 0.2854
Epoch 451: 0.2852
Epoch 452: 0.2850
Epoch 453: 0.2848
Epoch 454: 0.2847
Epoch 455: 0.2845
Epoch 456: 0.2844
Epoch 457: 0.2842
Epoch 458: 0.2841
Epoch 459: 0.2840
Epoch 460: 0.2838
Epoch 461: 0.2837
Epoch 462: 0.2836
Epoch 463: 0.2835
Epoch 464: 0.2833
Epoch 465: 0.2832
Epoch 466: 0.2831
Epoch 467: 0.2830
Epoch 468: 0.2828
Epoch 469: 0.2827
Epoch 470: 0.2826
Epoch 471: 0.2825
Epoch 472: 0.2823
Epoch 473: 0.2823
Epoch 474: 0.2821
Epoch 475: 0.2820
Epoch 476: 0.2819
Epoch 477: 0.2818
Epoch 478: 0.2816
Epoch 479: 0.2815
Epoch 480: 0.2814
Epoch 481: 0.2812
Epoch 482: 0.2811
Epoch 483: 0.2810
Epoch 484: 0.2809
Epoch 485: 0.2808
Epoch 486: 0.2807
Epoch 487: 0.2806
Epoch 488: 0.2804
Epoch 489: 0.2803
Epoch 490: 0.2802
Epoch 491: 0.2801
Epoch 492: 0.2800
Epoch 493: 0.2799
Epoch 494: 0.2798
Epoch 495: 0.2796
Epoch 496: 0.2795
Epoch 497: 0.2794
Epoch 498: 0.2793
Epoch 499: 0.2792
Epoch 500: 0.2791
Epoch 1: 0.2790
Epoch 2: 14.7796
Epoch 3: 1.0911
Epoch 4: 2.3624
Epoch 5: 4.9731
Epoch 6: 4.6467
Epoch 7: 3.6060
Epoch 8: 2.5600
Epoch 9: 1.7627
Epoch 10: 1.3394
Epoch 11: 1.0009
Epoch 12: 0.7552
Epoch 13: 0.6243
Epoch 14: 0.5853
Epoch 15: 0.5892
Epoch 16: 0.6098
Epoch 17: 0.6199
Epoch 18: 0.5897
Epoch 19: 0.7052
Epoch 20: 0.4823
Epoch 21: 0.4220
Epoch 22: 0.3809
Epoch 23: 0.3377
Epoch 24: 0.3251
Epoch 25: 0.3531
Epoch 26: 0.3658
Epoch 27: 0.3666
Epoch 28: 0.3693
Epoch 29: 0.3602
Epoch 30: 0.3509
Epoch 31: 0.3433
Epoch 32: 0.3431
Epoch 33: 0.3430
Epoch 34: 0.3360
Epoch 35: 0.3253
Epoch 36: 0.3191
Epoch 37: 0.3166
Epoch 38: 0.3161
Epoch 39: 0.3146
Epoch 40: 0.3104
Epoch 41: 0.3107
Epoch 42: 0.3077
Epoch 43: 0.3057
Epoch 44: 0.3033
Epoch 45: 0.3140
Epoch 46: 0.3040
Epoch 47: 0.3119
Epoch 48: 0.3112
Epoch 49: 0.3047
Epoch 50: 0.3038
Epoch 51: 0.3002
Epoch 52: 0.2998
Epoch 53: 0.2998
Epoch 54: 0.2989
Epoch 55: 0.2973
Epoch 56: 0.2975
Epoch 57: 0.2974
Epoch 58: 0.2970
Epoch 59: 0.2977
Epoch 60: 0.2976
Epoch 61: 0.2970
Epoch 62: 0.2969
Epoch 63: 0.2966
Epoch 64: 0.2957
Epoch 65: 0.2953
Epoch 66: 0.2950
Epoch 67: 0.2943
Epoch 68: 0.2938
Epoch 69: 0.2937
Epoch 70: 0.2933
Epoch 71: 0.2928
Epoch 72: 0.2924
Epoch 73: 0.2924
Epoch 74: 0.2924
Epoch 75: 0.2918
Epoch 76: 0.2913
Epoch 77: 0.2913
Epoch 78: 0.2911
Epoch 79: 0.2908
Epoch 80: 0.2902
Epoch 81: 0.2897
Epoch 82: 0.2896
Epoch 83: 0.2892
Epoch 84: 0.2891
Epoch 85: 0.2882
Epoch 86: 0.2880
Epoch 87: 0.2876
Epoch 88: 0.2873
Epoch 89: 0.2871
Epoch 90: 0.2867
Epoch 91: 0.2864
Epoch 92: 0.2861
Epoch 93: 0.2857
Epoch 94: 0.2853
Epoch 95: 0.2851
Epoch 96: 0.2846
Epoch 97: 0.2842
Epoch 98: 0.2840
Epoch 99: 0.2836
Epoch 100: 0.2834
Epoch 101: 0.2831
Epoch 102: 0.2828
Epoch 103: 0.2824
Epoch 104: 0.2822
Epoch 105: 0.2818
Epoch 106: 0.2815
Epoch 107: 0.2812
Epoch 108: 0.2809
Epoch 109: 0.2806
Epoch 110: 0.2803
Epoch 111: 0.2800
Epoch 112: 0.2797
Epoch 113: 0.2794
Epoch 114: 0.2790
Epoch 115: 0.2787
Epoch 116: 0.2784
Epoch 117: 0.2781
Epoch 118: 0.2778
Epoch 119: 0.2774
Epoch 120: 0.2771
Epoch 121: 0.2768
Epoch 122: 0.2764
Epoch 123: 0.2761
Epoch 124: 0.2758
Epoch 125: 0.2755
Epoch 126: 0.2752
Epoch 127: 0.2748
Epoch 128: 0.2745
Epoch 129: 0.2742
Epoch 130: 0.2739
Epoch 131: 0.2737
Epoch 132: 0.2738
Epoch 133: 0.2746
Epoch 134: 0.2760
Epoch 135: 0.2758
Epoch 136: 0.2723
Epoch 137: 0.2726
Epoch 138: 0.2740
Epoch 139: 0.2716
Epoch 140: 0.2713
Epoch 141: 0.2721
Epoch 142: 0.2701
Epoch 143: 0.2719
Epoch 144: 0.2698
Epoch 145: 0.2698
Epoch 146: 0.2692
Epoch 147: 0.2693
Epoch 148: 0.2687
Epoch 149: 0.2688
Epoch 150: 0.2682
Epoch 151: 0.2681
Epoch 152: 0.2676
Epoch 153: 0.2673
Epoch 154: 0.2669
Epoch 155: 0.2666
Epoch 156: 0.2662
Epoch 157: 0.2659
Epoch 158: 0.2655
Epoch 159: 0.2651
Epoch 160: 0.2648
Epoch 161: 0.2645
Epoch 162: 0.2642
Epoch 163: 0.2639
Epoch 164: 0.2636
Epoch 165: 0.2632
Epoch 166: 0.2629
Epoch 167: 0.2625
Epoch 168: 0.2622
Epoch 169: 0.2619
Epoch 170: 0.2616
Epoch 171: 0.2612
Epoch 172: 0.2609
Epoch 173: 0.2605
Epoch 174: 0.2602
Epoch 175: 0.2598
Epoch 176: 0.2594
Epoch 177: 0.2590
Epoch 178: 0.2586
Epoch 179: 0.2582
Epoch 180: 0.2579
Epoch 181: 0.2575
Epoch 182: 0.2571
Epoch 183: 0.2567
Epoch 184: 0.2564
Epoch 185: 0.2560
Epoch 186: 0.2556
Epoch 187: 0.2552
Epoch 188: 0.2547
Epoch 189: 0.2544
Epoch 190: 0.2540
Epoch 191: 0.2535
Epoch 192: 0.2532
Epoch 193: 0.2529
Epoch 194: 0.2524
Epoch 195: 0.2520
Epoch 196: 0.2516
Epoch 197: 0.2514
Epoch 198: 0.2511
Epoch 199: 0.2507
Epoch 200: 0.2500
Epoch 201: 0.2497
Epoch 202: 0.2496
Epoch 203: 0.2491
Epoch 204: 0.2484
Epoch 205: 0.2482
Epoch 206: 0.2482
Epoch 207: 0.2474
Epoch 208: 0.2469
Epoch 209: 0.2465
Epoch 210: 0.2463
Epoch 211: 0.2457
Epoch 212: 0.2453
Epoch 213: 0.2453
Epoch 214: 0.2449
Epoch 215: 0.2443
Epoch 216: 0.2443
Epoch 217: 0.2440
Epoch 218: 0.2433
Epoch 219: 0.2430
Epoch 220: 0.2430
Epoch 221: 0.2425
Epoch 222: 0.2424
Epoch 223: 0.2419
Epoch 224: 0.2415
Epoch 225: 0.2414
Epoch 226: 0.2410
Epoch 227: 0.2408
Epoch 228: 0.2406
Epoch 229: 0.2401
Epoch 230: 0.2398
Epoch 231: 0.2396
Epoch 232: 0.2392
Epoch 233: 0.2391
Epoch 234: 0.2387
Epoch 235: 0.2384
Epoch 236: 0.2382
Epoch 237: 0.2379
Epoch 238: 0.2379
Epoch 239: 0.2379
Epoch 240: 0.2377
Epoch 241: 0.2371
Epoch 242: 0.2365
Epoch 243: 0.2364
Epoch 244: 0.2365
Epoch 245: 0.2367
Epoch 246: 0.2360
Epoch 247: 0.2353
Epoch 248: 0.2350
Epoch 249: 0.2349
Epoch 250: 0.2348
Epoch 251: 0.2345
Epoch 252: 0.2340
Epoch 253: 0.2338
Epoch 254: 0.2335
Epoch 255: 0.2332
Epoch 256: 0.2330
Epoch 257: 0.2328
Epoch 258: 0.2325
Epoch 259: 0.2323
Epoch 260: 0.2321
Epoch 261: 0.2319
Epoch 262: 0.2318
Epoch 263: 0.2316
Epoch 264: 0.2315
Epoch 265: 0.2314
Epoch 266: 0.2313
Epoch 267: 0.2309
Epoch 268: 0.2303
Epoch 269: 0.2301
Epoch 270: 0.2302
Epoch 271: 0.2301
Epoch 272: 0.2299
Epoch 273: 0.2295
Epoch 274: 0.2293
Epoch 275: 0.2291
Epoch 276: 0.2286
Epoch 277: 0.2284
Epoch 278: 0.2285
Epoch 279: 0.2282
Epoch 280: 0.2278
Epoch 281: 0.2276
Epoch 282: 0.2275
Epoch 283: 0.2273
Epoch 284: 0.2271
Epoch 285: 0.2270
Epoch 286: 0.2271
Epoch 287: 0.2274
Epoch 288: 0.2283
Epoch 289: 0.2285
Epoch 290: 0.2272
Epoch 291: 0.2262
Epoch 292: 0.2261
Epoch 293: 0.2261
Epoch 294: 0.2270
Epoch 295: 0.2280
Epoch 296: 0.2262
Epoch 297: 0.2243
Epoch 298: 0.2249
Epoch 299: 0.2259
Epoch 300: 0.2259
Epoch 301: 0.2246
Epoch 302: 0.2231
Epoch 303: 0.2236
Epoch 304: 0.2246
Epoch 305: 0.2235
Epoch 306: 0.2226
Epoch 307: 0.2229
Epoch 308: 0.2230
Epoch 309: 0.2227
Epoch 310: 0.2224
Epoch 311: 0.2220
Epoch 312: 0.2223
Epoch 313: 0.2225
Epoch 314: 0.2217
Epoch 315: 0.2217
Epoch 316: 0.2216
Epoch 317: 0.2218
Epoch 318: 0.2220
Epoch 319: 0.2213
Epoch 320: 0.2209
Epoch 321: 0.2210
Epoch 322: 0.2209
Epoch 323: 0.2210
Epoch 324: 0.2209
Epoch 325: 0.2204
Epoch 326: 0.2202
Epoch 327: 0.2201
Epoch 328: 0.2200
Epoch 329: 0.2199
Epoch 330: 0.2199
Epoch 331: 0.2196
Epoch 332: 0.2196
Epoch 333: 0.2198
Epoch 334: 0.2206
Epoch 335: 0.2217
Epoch 336: 0.2233
Epoch 337: 0.2234
Epoch 338: 0.2211
Epoch 339: 0.2193
Epoch 340: 0.2193
Epoch 341: 0.2206
Epoch 342: 0.2213
Epoch 343: 0.2211
Epoch 344: 0.2187
Epoch 345: 0.2194
Epoch 346: 0.2201
Epoch 347: 0.2199
Epoch 348: 0.2193
Epoch 349: 0.2182
Epoch 350: 0.2191
Epoch 351: 0.2193
Epoch 352: 0.2186
Epoch 353: 0.2182
Epoch 354: 0.2179
Epoch 355: 0.2186
Epoch 356: 0.2185
Epoch 357: 0.2178
Epoch 358: 0.2177
Epoch 359: 0.2175
Epoch 360: 0.2179
Epoch 361: 0.2180
Epoch 362: 0.2176
Epoch 363: 0.2173
Epoch 364: 0.2169
Epoch 365: 0.2166
Epoch 366: 0.2167
Epoch 367: 0.2167
Epoch 368: 0.2168
Epoch 369: 0.2169
Epoch 370: 0.2171
Epoch 371: 0.2178
Epoch 372: 0.2188
Epoch 373: 0.2204
Epoch 374: 0.2225
Epoch 375: 0.2247
Epoch 376: 0.2243
Epoch 377: 0.2216
Epoch 378: 0.2169
Epoch 379: 0.2158
Epoch 380: 0.2185
Epoch 381: 0.2205
Epoch 382: 0.2188
Epoch 383: 0.2158
Epoch 384: 0.2156
Epoch 385: 0.2177
Epoch 386: 0.2184
Epoch 387: 0.2165
Epoch 388: 0.2150
Epoch 389: 0.2157
Epoch 390: 0.2169
Epoch 391: 0.2169
Epoch 392: 0.2154
Epoch 393: 0.2146
Epoch 394: 0.2151
Epoch 395: 0.2157
Epoch 396: 0.2153
Epoch 397: 0.2146
Epoch 398: 0.2143
Epoch 399: 0.2147
Epoch 400: 0.2151
Epoch 401: 0.2150
Epoch 402: 0.2145
Epoch 403: 0.2140
Epoch 404: 0.2139
Epoch 405: 0.2140
Epoch 406: 0.2141
Epoch 407: 0.2140
Epoch 408: 0.2139
Epoch 409: 0.2136
Epoch 410: 0.2135
Epoch 411: 0.2134
Epoch 412: 0.2134
Epoch 413: 0.2134
Epoch 414: 0.2133
Epoch 415: 0.2133
Epoch 416: 0.2134
Epoch 417: 0.2135
Epoch 418: 0.2139
Epoch 419: 0.2153
Epoch 420: 0.2177
Epoch 421: 0.2233
Epoch 422: 0.2298
Epoch 423: 0.2231
Epoch 424: 0.2162
Epoch 425: 0.2126
Epoch 426: 0.2144
Epoch 427: 0.2178
Epoch 428: 0.2137
Epoch 429: 0.2163
Epoch 430: 0.2158
Epoch 431: 0.2142
Epoch 432: 0.2157
Epoch 433: 0.2190
Epoch 434: 0.2138
Epoch 435: 0.2156
Epoch 436: 0.2236
Epoch 437: 0.2138
Epoch 438: 0.2192
Epoch 439: 0.2188
Epoch 440: 0.2142
Epoch 441: 0.2188
Epoch 442: 0.2129
Epoch 443: 0.2166
Epoch 444: 0.2153
Epoch 445: 0.2138
Epoch 446: 0.2121
Epoch 447: 0.2124
Epoch 448: 0.2133
Epoch 449: 0.2132
Epoch 450: 0.2132
Epoch 451: 0.2117
Epoch 452: 0.2119
Epoch 453: 0.2115
Epoch 454: 0.2121
Epoch 455: 0.2118
Epoch 456: 0.2116
Epoch 457: 0.2113
Epoch 458: 0.2110
Epoch 459: 0.2112
Epoch 460: 0.2110
Epoch 461: 0.2113
Epoch 462: 0.2111
Epoch 463: 0.2112
Epoch 464: 0.2109
Epoch 465: 0.2109
Epoch 466: 0.2106
Epoch 467: 0.2105
Epoch 468: 0.2104
Epoch 469: 0.2103
Epoch 470: 0.2103
Epoch 471: 0.2102
Epoch 472: 0.2104
Epoch 473: 0.2106
Epoch 474: 0.2111
Epoch 475: 0.2121
Epoch 476: 0.2141
Epoch 477: 0.2183
Epoch 478: 0.2211
Epoch 479: 0.2243
Epoch 480: 0.2112
Epoch 481: 0.2501
Epoch 482: 0.2367
Epoch 483: 0.2289
Epoch 484: 0.2320
Epoch 485: 0.2238
Epoch 486: 0.2334
Epoch 487: 0.2185
Epoch 488: 0.2292
Epoch 489: 0.2167
Epoch 490: 0.2279
Epoch 491: 0.2147
Epoch 492: 0.2228
Epoch 493: 0.2174
Epoch 494: 0.2204
Epoch 495: 0.2177
Epoch 496: 0.2165
Epoch 497: 0.2153
Epoch 498: 0.2169
Epoch 499: 0.2157
Epoch 500: 0.2151
Epoch 1: 0.2139
Epoch 2: 261.6811
Epoch 3: 0.3725
Epoch 4: 0.6808
Epoch 5: 1.5269
Epoch 6: 1.6867
Epoch 7: 1.9105
Epoch 8: 2.0622
Epoch 9: 2.2816
Epoch 10: 2.5164
Epoch 11: 2.7996
Epoch 12: 2.9304
Epoch 13: 2.6018
Epoch 14: 2.1801
Epoch 15: 1.9674
Epoch 16: 1.5699
Epoch 17: 1.5308
Epoch 18: 1.5488
Epoch 19: 1.5843
Epoch 20: 1.5772
Epoch 21: 1.5061
Epoch 22: 1.3554
Epoch 23: 1.1681
Epoch 24: 1.0064
Epoch 25: 0.8635
Epoch 26: 0.7489
Epoch 27: 0.6613
Epoch 28: 0.5939
Epoch 29: 0.5364
Epoch 30: 0.4889
Epoch 31: 0.4473
Epoch 32: 0.4113
Epoch 33: 0.3838
Epoch 34: 0.3711
Epoch 35: 0.3670
Epoch 36: 0.3685
Epoch 37: 0.3699
Epoch 38: 0.3667
Epoch 39: 0.3558
Epoch 40: 0.3389
Epoch 41: 0.3211
Epoch 42: 0.3077
Epoch 43: 0.3011
Epoch 44: 0.3007
Epoch 45: 0.3040
Epoch 46: 0.3077
Epoch 47: 0.3095
Epoch 48: 0.3084
Epoch 49: 0.3051
Epoch 50: 0.3014
Epoch 51: 0.2982
Epoch 52: 0.2968
Epoch 53: 0.2964
Epoch 54: 0.2953
Epoch 55: 0.2928
Epoch 56: 0.2885
Epoch 57: 0.2843
Epoch 58: 0.2813
Epoch 59: 0.2797
Epoch 60: 0.2794
Epoch 61: 0.2801
Epoch 62: 0.2800
Epoch 63: 0.2791
Epoch 64: 0.2774
Epoch 65: 0.2755
Epoch 66: 0.2739
Epoch 67: 0.2727
Epoch 68: 0.2719
Epoch 69: 0.2711
Epoch 70: 0.2699
Epoch 71: 0.2683
Epoch 72: 0.2667
Epoch 73: 0.2653
Epoch 74: 0.2641
Epoch 75: 0.2631
Epoch 76: 0.2622
Epoch 77: 0.2611
Epoch 78: 0.2597
Epoch 79: 0.2582
Epoch 80: 0.2567
Epoch 81: 0.2554
Epoch 82: 0.2540
Epoch 83: 0.2530
Epoch 84: 0.2517
Epoch 85: 0.2502
Epoch 86: 0.2486
Epoch 87: 0.2469
Epoch 88: 0.2453
Epoch 89: 0.2440
Epoch 90: 0.2428
Epoch 91: 0.2412
Epoch 92: 0.2395
Epoch 93: 0.2383
Epoch 94: 0.2376
Epoch 95: 0.2367
Epoch 96: 0.2369
Epoch 97: 0.2357
Epoch 98: 0.2348
Epoch 99: 0.2343
Epoch 100: 0.2331
Epoch 101: 0.2325
Epoch 102: 0.2320
Epoch 103: 0.2313
Epoch 104: 0.2308
Epoch 105: 0.2306
Epoch 106: 0.2304
Epoch 107: 0.2303
Epoch 108: 0.2302
Epoch 109: 0.2302
Epoch 110: 0.2300
Epoch 111: 0.2298
Epoch 112: 0.2297
Epoch 113: 0.2296
Epoch 114: 0.2294
Epoch 115: 0.2292
Epoch 116: 0.2290
Epoch 117: 0.2289
Epoch 118: 0.2287
Epoch 119: 0.2286
Epoch 120: 0.2285
Epoch 121: 0.2284
Epoch 122: 0.2282
Epoch 123: 0.2280
Epoch 124: 0.2277
Epoch 125: 0.2273
Epoch 126: 0.2269
Epoch 127: 0.2268
Epoch 128: 0.2266
Epoch 129: 0.2265
Epoch 130: 0.2264
Epoch 131: 0.2263
Epoch 132: 0.2262
Epoch 133: 0.2260
Epoch 134: 0.2259
Epoch 135: 0.2258
Epoch 136: 0.2257
Epoch 137: 0.2255
Epoch 138: 0.2253
Epoch 139: 0.2251
Epoch 140: 0.2248
Epoch 141: 0.2246
Epoch 142: 0.2244
Epoch 143: 0.2241
Epoch 144: 0.2239
Epoch 145: 0.2238
Epoch 146: 0.2237
Epoch 147: 0.2237
Epoch 148: 0.2236
Epoch 149: 0.2235
Epoch 150: 0.2234
Epoch 151: 0.2233
Epoch 152: 0.2232
Epoch 153: 0.2231
Epoch 154: 0.2230
Epoch 155: 0.2229
Epoch 156: 0.2228
Epoch 157: 0.2227
Epoch 158: 0.2226
Epoch 159: 0.2225
Epoch 160: 0.2224
Epoch 161: 0.2223
Epoch 162: 0.2223
Epoch 163: 0.2221
Epoch 164: 0.2221
Epoch 165: 0.2220
Epoch 166: 0.2219
Epoch 167: 0.2218
Epoch 168: 0.2217
Epoch 169: 0.2217
Epoch 170: 0.2216
Epoch 171: 0.2215
Epoch 172: 0.2214
Epoch 173: 0.2213
Epoch 174: 0.2213
Epoch 175: 0.2212
Epoch 176: 0.2211
Epoch 177: 0.2211
Epoch 178: 0.2210
Epoch 179: 0.2209
Epoch 180: 0.2209
Epoch 181: 0.2208
Epoch 182: 0.2207
Epoch 183: 0.2207
Epoch 184: 0.2206
Epoch 185: 0.2206
Epoch 186: 0.2205
Epoch 187: 0.2205
Epoch 188: 0.2204
Epoch 189: 0.2204
Epoch 190: 0.2203
Epoch 191: 0.2202
Epoch 192: 0.2202
Epoch 193: 0.2201
Epoch 194: 0.2201
Epoch 195: 0.2200
Epoch 196: 0.2200
Epoch 197: 0.2199
Epoch 198: 0.2198
Epoch 199: 0.2198
Epoch 200: 0.2197
Epoch 201: 0.2197
Epoch 202: 0.2196
Epoch 203: 0.2195
Epoch 204: 0.2195
Epoch 205: 0.2194
Epoch 206: 0.2194
Epoch 207: 0.2193
Epoch 208: 0.2193
Epoch 209: 0.2193
Epoch 210: 0.2192
Epoch 211: 0.2191
Epoch 212: 0.2191
Epoch 213: 0.2191
Epoch 214: 0.2190
Epoch 215: 0.2190
Epoch 216: 0.2189
Epoch 217: 0.2189
Epoch 218: 0.2189
Epoch 219: 0.2188
Epoch 220: 0.2188
Epoch 221: 0.2188
Epoch 222: 0.2187
Epoch 223: 0.2186
Epoch 224: 0.2186
Epoch 225: 0.2185
Epoch 226: 0.2185
Epoch 227: 0.2184
Epoch 228: 0.2184
Epoch 229: 0.2184
Epoch 230: 0.2183
Epoch 231: 0.2183
Epoch 232: 0.2182
Epoch 233: 0.2182
Epoch 234: 0.2182
Epoch 235: 0.2181
Epoch 236: 0.2181
Epoch 237: 0.2181
Epoch 238: 0.2180
Epoch 239: 0.2180
Epoch 240: 0.2180
Epoch 241: 0.2179
Epoch 242: 0.2179
Epoch 243: 0.2179
Epoch 244: 0.2179
Epoch 245: 0.2178
Epoch 246: 0.2178
Epoch 247: 0.2178
Epoch 248: 0.2177
Epoch 249: 0.2177
Epoch 250: 0.2177
Epoch 251: 0.2176
Epoch 252: 0.2176
Epoch 253: 0.2176
Epoch 254: 0.2175
Epoch 255: 0.2175
Epoch 256: 0.2175
Epoch 257: 0.2174
Epoch 258: 0.2174
Epoch 259: 0.2174
Epoch 260: 0.2173
Epoch 261: 0.2173
Epoch 262: 0.2173
Epoch 263: 0.2173
Epoch 264: 0.2172
Epoch 265: 0.2172
Epoch 266: 0.2172
Epoch 267: 0.2171
Epoch 268: 0.2171
Epoch 269: 0.2171
Epoch 270: 0.2170
Epoch 271: 0.2170
Epoch 272: 0.2170
Epoch 273: 0.2169
Epoch 274: 0.2169
Epoch 275: 0.2169
Epoch 276: 0.2168
Epoch 277: 0.2168
Epoch 278: 0.2167
Epoch 279: 0.2167
Epoch 280: 0.2166
Epoch 281: 0.2166
Epoch 282: 0.2166
Epoch 283: 0.2168
Epoch 284: 0.2174
Epoch 285: 0.2187
Epoch 286: 0.2167
Epoch 287: 0.2228
Epoch 288: 0.2213
Epoch 289: 0.2236
Epoch 290: 0.2222
Epoch 291: 0.2218
Epoch 292: 0.2224
Epoch 293: 0.2223
Epoch 294: 0.2216
Epoch 295: 0.2215
Epoch 296: 0.2220
Epoch 297: 0.2221
Epoch 298: 0.2215
Epoch 299: 0.2210
Epoch 300: 0.2212
Epoch 301: 0.2213
Epoch 302: 0.2210
Epoch 303: 0.2206
Epoch 304: 0.2207
Epoch 305: 0.2208
Epoch 306: 0.2205
Epoch 307: 0.2202
Epoch 308: 0.2202
Epoch 309: 0.2202
Epoch 310: 0.2200
Epoch 311: 0.2198
Epoch 312: 0.2198
Epoch 313: 0.2198
Epoch 314: 0.2197
Epoch 315: 0.2195
Epoch 316: 0.2195
Epoch 317: 0.2194
Epoch 318: 0.2193
Epoch 319: 0.2192
Epoch 320: 0.2191
Epoch 321: 0.2192
Epoch 322: 0.2191
Epoch 323: 0.2191
Epoch 324: 0.2191
Epoch 325: 0.2190
Epoch 326: 0.2190
Epoch 327: 0.2189
Epoch 328: 0.2189
Epoch 329: 0.2189
Epoch 330: 0.2188
Epoch 331: 0.2188
Epoch 332: 0.2187
Epoch 333: 0.2187
Epoch 334: 0.2187
Epoch 335: 0.2186
Epoch 336: 0.2186
Epoch 337: 0.2186
Epoch 338: 0.2185
Epoch 339: 0.2185
Epoch 340: 0.2185
Epoch 341: 0.2184
Epoch 342: 0.2184
Epoch 343: 0.2183
Epoch 344: 0.2183
Epoch 345: 0.2183
Epoch 346: 0.2183
Epoch 347: 0.2182
Epoch 348: 0.2182
Epoch 349: 0.2182
Epoch 350: 0.2181
Epoch 351: 0.2181
Epoch 352: 0.2181
Epoch 353: 0.2180
Epoch 354: 0.2180
Epoch 355: 0.2180
Epoch 356: 0.2180
Epoch 357: 0.2179
Epoch 358: 0.2179
Epoch 359: 0.2179
Epoch 360: 0.2178
Epoch 361: 0.2178
Epoch 362: 0.2178
Epoch 363: 0.2178
Epoch 364: 0.2177
Epoch 365: 0.2177
Epoch 366: 0.2177
Epoch 367: 0.2176
Epoch 368: 0.2176
Epoch 369: 0.2176
Epoch 370: 0.2176
Epoch 371: 0.2175
Epoch 372: 0.2175
Epoch 373: 0.2175
Epoch 374: 0.2175
Epoch 375: 0.2174
Epoch 376: 0.2174
Epoch 377: 0.2174
Epoch 378: 0.2174
Epoch 379: 0.2173
Epoch 380: 0.2173
Epoch 381: 0.2173
Epoch 382: 0.2173
Epoch 383: 0.2172
Epoch 384: 0.2172
Epoch 385: 0.2172
Epoch 386: 0.2172
Epoch 387: 0.2171
Epoch 388: 0.2171
Epoch 389: 0.2171
Epoch 390: 0.2171
Epoch 391: 0.2170
Epoch 392: 0.2170
Epoch 393: 0.2170
Epoch 394: 0.2170
Epoch 395: 0.2169
Epoch 396: 0.2169
Epoch 397: 0.2169
Epoch 398: 0.2169
Epoch 399: 0.2168
Epoch 400: 0.2168
Epoch 401: 0.2168
Epoch 402: 0.2168
Epoch 403: 0.2167
Epoch 404: 0.2167
Epoch 405: 0.2167
Epoch 406: 0.2167
Epoch 407: 0.2166
Epoch 408: 0.2166
Epoch 409: 0.2166
Epoch 410: 0.2166
Epoch 411: 0.2165
Epoch 412: 0.2165
Epoch 413: 0.2165
Epoch 414: 0.2165
Epoch 415: 0.2165
Epoch 416: 0.2164
Epoch 417: 0.2164
Epoch 418: 0.2164
Epoch 419: 0.2164
Epoch 420: 0.2163
Epoch 421: 0.2163
Epoch 422: 0.2163
Epoch 423: 0.2163
Epoch 424: 0.2163
Epoch 425: 0.2162
Epoch 426: 0.2162
Epoch 427: 0.2162
Epoch 428: 0.2162
Epoch 429: 0.2161
Epoch 430: 0.2161
Epoch 431: 0.2161
Epoch 432: 0.2161
Epoch 433: 0.2160
Epoch 434: 0.2160
Epoch 435: 0.2160
Epoch 436: 0.2160
Epoch 437: 0.2159
Epoch 438: 0.2159
Epoch 439: 0.2159
Epoch 440: 0.2159
Epoch 441: 0.2159
Epoch 442: 0.2158
Epoch 443: 0.2158
Epoch 444: 0.2158
Epoch 445: 0.2158
Epoch 446: 0.2157
Epoch 447: 0.2157
Epoch 448: 0.2157
Epoch 449: 0.2157
Epoch 450: 0.2156
Epoch 451: 0.2156
Epoch 452: 0.2156
Epoch 453: 0.2156
Epoch 454: 0.2155
Epoch 455: 0.2155
Epoch 456: 0.2155
Epoch 457: 0.2155
Epoch 458: 0.2154
Epoch 459: 0.2154
Epoch 460: 0.2154
Epoch 461: 0.2154
Epoch 462: 0.2153
Epoch 463: 0.2153
Epoch 464: 0.2153
Epoch 465: 0.2153
Epoch 466: 0.2152
Epoch 467: 0.2152
Epoch 468: 0.2152
Epoch 469: 0.2152
Epoch 470: 0.2151
Epoch 471: 0.2151
Epoch 472: 0.2151
Epoch 473: 0.2151
Epoch 474: 0.2151
Epoch 475: 0.2150
Epoch 476: 0.2150
Epoch 477: 0.2150
Epoch 478: 0.2150
Epoch 479: 0.2150
Epoch 480: 0.2149
Epoch 481: 0.2149
Epoch 482: 0.2149
Epoch 483: 0.2149
Epoch 484: 0.2148
Epoch 485: 0.2148
Epoch 486: 0.2148
Epoch 487: 0.2148
Epoch 488: 0.2148
Epoch 489: 0.2147
Epoch 490: 0.2147
Epoch 491: 0.2147
Epoch 492: 0.2147
Epoch 493: 0.2147
Epoch 494: 0.2146
Epoch 495: 0.2146
Epoch 496: 0.2146
Epoch 497: 0.2146
Epoch 498: 0.2146
Epoch 499: 0.2146
Epoch 500: 0.2145
Epoch 1: 0.2145
Epoch 2: 0.4693
Epoch 3: 0.3187
Epoch 4: 0.4133
Epoch 5: 0.3194
Epoch 6: 0.2723
Epoch 7: 0.3160
Epoch 8: 0.2605
Epoch 9: 0.2345
Epoch 10: 0.2395
Epoch 11: 0.2439
Epoch 12: 0.2448
Epoch 13: 0.2346
Epoch 14: 0.2229
Epoch 15: 0.2234
Epoch 16: 0.2259
Epoch 17: 0.2290
Epoch 18: 0.2270
Epoch 19: 0.2252
Epoch 20: 0.2256
Epoch 21: 0.2211
Epoch 22: 0.2187
Epoch 23: 0.2198
Epoch 24: 0.2205
Epoch 25: 0.2219
Epoch 26: 0.2210
Epoch 27: 0.2198
Epoch 28: 0.2184
Epoch 29: 0.2170
Epoch 30: 0.2172
Epoch 31: 0.2169
Epoch 32: 0.2167
Epoch 33: 0.2165
Epoch 34: 0.2162
Epoch 35: 0.2163
Epoch 36: 0.2160
Epoch 37: 0.2161
Epoch 38: 0.2158
Epoch 39: 0.2151
Epoch 40: 0.2145
Epoch 41: 0.2142
Epoch 42: 0.2142
Epoch 43: 0.2142
Epoch 44: 0.2143
Epoch 45: 0.2142
Epoch 46: 0.2140
Epoch 47: 0.2137
Epoch 48: 0.2135
Epoch 49: 0.2133
Epoch 50: 0.2131
Epoch 51: 0.2130
Epoch 52: 0.2128
Epoch 53: 0.2127
Epoch 54: 0.2126
Epoch 55: 0.2125
Epoch 56: 0.2123
Epoch 57: 0.2122
Epoch 58: 0.2122
Epoch 59: 0.2121
Epoch 60: 0.2120
Epoch 61: 0.2119
Epoch 62: 0.2119
Epoch 63: 0.2118
Epoch 64: 0.2117
Epoch 65: 0.2116
Epoch 66: 0.2116
Epoch 67: 0.2115
Epoch 68: 0.2114
Epoch 69: 0.2114
Epoch 70: 0.2113
Epoch 71: 0.2112
Epoch 72: 0.2111
Epoch 73: 0.2111
Epoch 74: 0.2110
Epoch 75: 0.2109
Epoch 76: 0.2108
Epoch 77: 0.2108
Epoch 78: 0.2107
Epoch 79: 0.2106
Epoch 80: 0.2105
Epoch 81: 0.2105
Epoch 82: 0.2104
Epoch 83: 0.2104
Epoch 84: 0.2103
Epoch 85: 0.2102
Epoch 86: 0.2102
Epoch 87: 0.2101
Epoch 88: 0.2100
Epoch 89: 0.2100
Epoch 90: 0.2099
Epoch 91: 0.2099
Epoch 92: 0.2098
Epoch 93: 0.2097
Epoch 94: 0.2097
Epoch 95: 0.2096
Epoch 96: 0.2096
Epoch 97: 0.2095
Epoch 98: 0.2094
Epoch 99: 0.2094
Epoch 100: 0.2093
Epoch 101: 0.2092
Epoch 102: 0.2092
Epoch 103: 0.2091
Epoch 104: 0.2091
Epoch 105: 0.2090
Epoch 106: 0.2090
Epoch 107: 0.2089
Epoch 108: 0.2088
Epoch 109: 0.2088
Epoch 110: 0.2087
Epoch 111: 0.2087
Epoch 112: 0.2086
Epoch 113: 0.2085
Epoch 114: 0.2085
Epoch 115: 0.2084
Epoch 116: 0.2084
Epoch 117: 0.2083
Epoch 118: 0.2083
Epoch 119: 0.2082
Epoch 120: 0.2082
Epoch 121: 0.2081
Epoch 122: 0.2080
Epoch 123: 0.2080
Epoch 124: 0.2080
Epoch 125: 0.2079
Epoch 126: 0.2078
Epoch 127: 0.2078
Epoch 128: 0.2077
Epoch 129: 0.2076
Epoch 130: 0.2077
Epoch 131: 0.2076
Epoch 132: 0.2075
Epoch 133: 0.2075
Epoch 134: 0.2075
Epoch 135: 0.2073
Epoch 136: 0.2072
Epoch 137: 0.2072
Epoch 138: 0.2071
Epoch 139: 0.2070
Epoch 140: 0.2070
Epoch 141: 0.2070
Epoch 142: 0.2069
Epoch 143: 0.2068
Epoch 144: 0.2068
Epoch 145: 0.2067
Epoch 146: 0.2066
Epoch 147: 0.2066
Epoch 148: 0.2065
Epoch 149: 0.2065
Epoch 150: 0.2064
Epoch 151: 0.2063
Epoch 152: 0.2063
Epoch 153: 0.2062
Epoch 154: 0.2062
Epoch 155: 0.2061
Epoch 156: 0.2060
Epoch 157: 0.2060
Epoch 158: 0.2059
Epoch 159: 0.2058
Epoch 160: 0.2058
Epoch 161: 0.2058
Epoch 162: 0.2057
Epoch 163: 0.2056
Epoch 164: 0.2055
Epoch 165: 0.2055
Epoch 166: 0.2054
Epoch 167: 0.2054
Epoch 168: 0.2053
Epoch 169: 0.2053
Epoch 170: 0.2053
Epoch 171: 0.2052
Epoch 172: 0.2051
Epoch 173: 0.2050
Epoch 174: 0.2049
Epoch 175: 0.2048
Epoch 176: 0.2047
Epoch 177: 0.2047
Epoch 178: 0.2046
Epoch 179: 0.2046
Epoch 180: 0.2045
Epoch 181: 0.2045
Epoch 182: 0.2046
Epoch 183: 0.2047
Epoch 184: 0.2050
Epoch 185: 0.2053
Epoch 186: 0.2056
Epoch 187: 0.2059
Epoch 188: 0.2063
Epoch 189: 0.2065
Epoch 190: 0.2064
Epoch 191: 0.2058
Epoch 192: 0.2051
Epoch 193: 0.2044
Epoch 194: 0.2038
Epoch 195: 0.2035
Epoch 196: 0.2035
Epoch 197: 0.2036
Epoch 198: 0.2040
Epoch 199: 0.2043
Epoch 200: 0.2045
Epoch 201: 0.2048
Epoch 202: 0.2049
Epoch 203: 0.2056
Epoch 204: 0.2060
Epoch 205: 0.2064
Epoch 206: 0.2062
Epoch 207: 0.2055
Epoch 208: 0.2043
Epoch 209: 0.2032
Epoch 210: 0.2025
Epoch 211: 0.2025
Epoch 212: 0.2029
Epoch 213: 0.2035
Epoch 214: 0.2043
Epoch 215: 0.2048
Epoch 216: 0.2049
Epoch 217: 0.2042
Epoch 218: 0.2034
Epoch 219: 0.2024
Epoch 220: 0.2018
Epoch 221: 0.2017
Epoch 222: 0.2021
Epoch 223: 0.2029
Epoch 224: 0.2039
Epoch 225: 0.2062
Epoch 226: 0.2080
Epoch 227: 0.2093
Epoch 228: 0.2088
Epoch 229: 0.2058
Epoch 230: 0.2024
Epoch 231: 0.2012
Epoch 232: 0.2028
Epoch 233: 0.2049
Epoch 234: 0.2053
Epoch 235: 0.2036
Epoch 236: 0.2014
Epoch 237: 0.2008
Epoch 238: 0.2020
Epoch 239: 0.2033
Epoch 240: 0.2033
Epoch 241: 0.2021
Epoch 242: 0.2007
Epoch 243: 0.2003
Epoch 244: 0.2006
Epoch 245: 0.2010
Epoch 246: 0.2010
Epoch 247: 0.2006
Epoch 248: 0.2001
Epoch 249: 0.1998
Epoch 250: 0.1998
Epoch 251: 0.1999
Epoch 252: 0.2001
Epoch 253: 0.2002
Epoch 254: 0.2001
Epoch 255: 0.2000
Epoch 256: 0.1999
Epoch 257: 0.1997
Epoch 258: 0.1994
Epoch 259: 0.1993
Epoch 260: 0.1993
Epoch 261: 0.1994
Epoch 262: 0.2000
Epoch 263: 0.2012
Epoch 264: 0.2029
Epoch 265: 0.2056
Epoch 266: 0.2079
Epoch 267: 0.2108
Epoch 268: 0.2100
Epoch 269: 0.2057
Epoch 270: 0.2000
Epoch 271: 0.1984
Epoch 272: 0.2012
Epoch 273: 0.2042
Epoch 274: 0.2046
Epoch 275: 0.2016
Epoch 276: 0.1985
Epoch 277: 0.1979
Epoch 278: 0.1997
Epoch 279: 0.2016
Epoch 280: 0.2011
Epoch 281: 0.1994
Epoch 282: 0.1979
Epoch 283: 0.1973
Epoch 284: 0.1980
Epoch 285: 0.1986
Epoch 286: 0.1987
Epoch 287: 0.1979
Epoch 288: 0.1971
Epoch 289: 0.1970
Epoch 290: 0.1975
Epoch 291: 0.1981
Epoch 292: 0.1982
Epoch 293: 0.1980
Epoch 294: 0.1974
Epoch 295: 0.1968
Epoch 296: 0.1964
Epoch 297: 0.1965
Epoch 298: 0.1968
Epoch 299: 0.1970
Epoch 300: 0.1970
Epoch 301: 0.1968
Epoch 302: 0.1964
Epoch 303: 0.1960
Epoch 304: 0.1958
Epoch 305: 0.1958
Epoch 306: 0.1958
Epoch 307: 0.1961
Epoch 308: 0.1965
Epoch 309: 0.1971
Epoch 310: 0.1981
Epoch 311: 0.2003
Epoch 312: 0.2027
Epoch 313: 0.2065
Epoch 314: 0.2081
Epoch 315: 0.2067
Epoch 316: 0.2011
Epoch 317: 0.1962
Epoch 318: 0.1953
Epoch 319: 0.1978
Epoch 320: 0.2006
Epoch 321: 0.2004
Epoch 322: 0.1978
Epoch 323: 0.1953
Epoch 324: 0.1947
Epoch 325: 0.1957
Epoch 326: 0.1970
Epoch 327: 0.1976
Epoch 328: 0.1967
Epoch 329: 0.1953
Epoch 330: 0.1943
Epoch 331: 0.1942
Epoch 332: 0.1947
Epoch 333: 0.1953
Epoch 334: 0.1957
Epoch 335: 0.1956
Epoch 336: 0.1950
Epoch 337: 0.1943
Epoch 338: 0.1937
Epoch 339: 0.1935
Epoch 340: 0.1937
Epoch 341: 0.1941
Epoch 342: 0.1946
Epoch 343: 0.1953
Epoch 344: 0.1956
Epoch 345: 0.1960
Epoch 346: 0.1958
Epoch 347: 0.1953
Epoch 348: 0.1944
Epoch 349: 0.1936
Epoch 350: 0.1930
Epoch 351: 0.1927
Epoch 352: 0.1927
Epoch 353: 0.1926
Epoch 354: 0.1926
Epoch 355: 0.1928
Epoch 356: 0.1933
Epoch 357: 0.1947
Epoch 358: 0.1976
Epoch 359: 0.2016
Epoch 360: 0.2110
Epoch 361: 0.2181
Epoch 362: 0.2207
Epoch 363: 0.2065
Epoch 364: 0.1940
Epoch 365: 0.1942
Epoch 366: 0.2017
Epoch 367: 0.2060
Epoch 368: 0.1992
Epoch 369: 0.1924
Epoch 370: 0.1941
Epoch 371: 0.1996
Epoch 372: 0.2001
Epoch 373: 0.1944
Epoch 374: 0.1917
Epoch 375: 0.1951
Epoch 376: 0.1974
Epoch 377: 0.1949
Epoch 378: 0.1915
Epoch 379: 0.1921
Epoch 380: 0.1950
Epoch 381: 0.1959
Epoch 382: 0.1934
Epoch 383: 0.1910
Epoch 384: 0.1919
Epoch 385: 0.1938
Epoch 386: 0.1933
Epoch 387: 0.1914
Epoch 388: 0.1906
Epoch 389: 0.1914
Epoch 390: 0.1922
Epoch 391: 0.1917
Epoch 392: 0.1906
Epoch 393: 0.1902
Epoch 394: 0.1908
Epoch 395: 0.1913
Epoch 396: 0.1908
Epoch 397: 0.1901
Epoch 398: 0.1898
Epoch 399: 0.1902
Epoch 400: 0.1906
Epoch 401: 0.1905
Epoch 402: 0.1901
Epoch 403: 0.1896
Epoch 404: 0.1894
Epoch 405: 0.1895
Epoch 406: 0.1897
Epoch 407: 0.1898
Epoch 408: 0.1896
Epoch 409: 0.1893
Epoch 410: 0.1891
Epoch 411: 0.1889
Epoch 412: 0.1889
Epoch 413: 0.1888
Epoch 414: 0.1888
Epoch 415: 0.1888
Epoch 416: 0.1887
Epoch 417: 0.1886
Epoch 418: 0.1885
Epoch 419: 0.1884
Epoch 420: 0.1883
Epoch 421: 0.1882
Epoch 422: 0.1882
Epoch 423: 0.1881
Epoch 424: 0.1880
Epoch 425: 0.1879
Epoch 426: 0.1879
Epoch 427: 0.1878
Epoch 428: 0.1878
Epoch 429: 0.1877
Epoch 430: 0.1878
Epoch 431: 0.1881
Epoch 432: 0.1892
Epoch 433: 0.1922
Epoch 434: 0.2019
Epoch 435: 0.2195
Epoch 436: 0.2522
Epoch 437: 0.2464
Epoch 438: 0.2081
Epoch 439: 0.1908
Epoch 440: 0.2189
Epoch 441: 0.2222
Epoch 442: 0.1909
Epoch 443: 0.2009
Epoch 444: 0.2179
Epoch 445: 0.1957
Epoch 446: 0.1919
Epoch 447: 0.2083
Epoch 448: 0.1957
Epoch 449: 0.1895
Epoch 450: 0.2011
Epoch 451: 0.1945
Epoch 452: 0.1881
Epoch 453: 0.1965
Epoch 454: 0.1922
Epoch 455: 0.1879
Epoch 456: 0.1934
Epoch 457: 0.1910
Epoch 458: 0.1874
Epoch 459: 0.1915
Epoch 460: 0.1903
Epoch 461: 0.1872
Epoch 462: 0.1897
Epoch 463: 0.1894
Epoch 464: 0.1870
Epoch 465: 0.1884
Epoch 466: 0.1888
Epoch 467: 0.1867
Epoch 468: 0.1874
Epoch 469: 0.1880
Epoch 470: 0.1867
Epoch 471: 0.1865
Epoch 472: 0.1872
Epoch 473: 0.1865
Epoch 474: 0.1862
Epoch 475: 0.1868
Epoch 476: 0.1864
Epoch 477: 0.1859
Epoch 478: 0.1862
Epoch 479: 0.1862
Epoch 480: 0.1857
Epoch 481: 0.1857
Epoch 482: 0.1859
Epoch 483: 0.1857
Epoch 484: 0.1854
Epoch 485: 0.1855
Epoch 486: 0.1855
Epoch 487: 0.1852
Epoch 488: 0.1851
Epoch 489: 0.1852
Epoch 490: 0.1850
Epoch 491: 0.1848
Epoch 492: 0.1848
Epoch 493: 0.1848
Epoch 494: 0.1847
Epoch 495: 0.1845
Epoch 496: 0.1846
Epoch 497: 0.1845
Epoch 498: 0.1843
Epoch 499: 0.1843
Epoch 500: 0.1843
Epoch 1: 0.1842
Epoch 2: 2.8003
Epoch 3: 0.3711
Epoch 4: 0.7900
Epoch 5: 1.3267
Epoch 6: 1.0021
Epoch 7: 0.6028
Epoch 8: 0.4009
Epoch 9: 0.2958
Epoch 10: 0.3144
Epoch 11: 0.4214
Epoch 12: 0.5161
Epoch 13: 0.5104
Epoch 14: 0.4135
Epoch 15: 0.3010
Epoch 16: 0.2406
Epoch 17: 0.2498
Epoch 18: 0.3008
Epoch 19: 0.3458
Epoch 20: 0.3551
Epoch 21: 0.3246
Epoch 22: 0.2742
Epoch 23: 0.2341
Epoch 24: 0.2258
Epoch 25: 0.2439
Epoch 26: 0.2662
Epoch 27: 0.2710
Epoch 28: 0.2553
Epoch 29: 0.2327
Epoch 30: 0.2197
Epoch 31: 0.2220
Epoch 32: 0.2334
Epoch 33: 0.2415
Epoch 34: 0.2397
Epoch 35: 0.2294
Epoch 36: 0.2178
Epoch 37: 0.2127
Epoch 38: 0.2161
Epoch 39: 0.2222
Epoch 40: 0.2253
Epoch 41: 0.2237
Epoch 42: 0.2170
Epoch 43: 0.2117
Epoch 44: 0.2114
Epoch 45: 0.2143
Epoch 46: 0.2169
Epoch 47: 0.2171
Epoch 48: 0.2147
Epoch 49: 0.2110
Epoch 50: 0.2087
Epoch 51: 0.2088
Epoch 52: 0.2103
Epoch 53: 0.2112
Epoch 54: 0.2102
Epoch 55: 0.2082
Epoch 56: 0.2067
Epoch 57: 0.2066
Epoch 58: 0.2075
Epoch 59: 0.2083
Epoch 60: 0.2079
Epoch 61: 0.2069
Epoch 62: 0.2059
Epoch 63: 0.2057
Epoch 64: 0.2060
Epoch 65: 0.2063
Epoch 66: 0.2062
Epoch 67: 0.2055
Epoch 68: 0.2049
Epoch 69: 0.2047
Epoch 70: 0.2049
Epoch 71: 0.2051
Epoch 72: 0.2050
Epoch 73: 0.2046
Epoch 74: 0.2042
Epoch 75: 0.2041
Epoch 76: 0.2042
Epoch 77: 0.2043
Epoch 78: 0.2041
Epoch 79: 0.2038
Epoch 80: 0.2036
Epoch 81: 0.2035
Epoch 82: 0.2036
Epoch 83: 0.2035
Epoch 84: 0.2034
Epoch 85: 0.2031
Epoch 86: 0.2030
Epoch 87: 0.2030
Epoch 88: 0.2030
Epoch 89: 0.2029
Epoch 90: 0.2027
Epoch 91: 0.2026
Epoch 92: 0.2026
Epoch 93: 0.2025
Epoch 94: 0.2025
Epoch 95: 0.2023
Epoch 96: 0.2021
Epoch 97: 0.2020
Epoch 98: 0.2020
Epoch 99: 0.2019
Epoch 100: 0.2018
Epoch 101: 0.2017
Epoch 102: 0.2017
Epoch 103: 0.2016
Epoch 104: 0.2015
Epoch 105: 0.2014
Epoch 106: 0.2014
Epoch 107: 0.2013
Epoch 108: 0.2012
Epoch 109: 0.2012
Epoch 110: 0.2011
Epoch 111: 0.2010
Epoch 112: 0.2009
Epoch 113: 0.2009
Epoch 114: 0.2008
Epoch 115: 0.2007
Epoch 116: 0.2007
Epoch 117: 0.2006
Epoch 118: 0.2005
Epoch 119: 0.2005
Epoch 120: 0.2004
Epoch 121: 0.2003
Epoch 122: 0.2003
Epoch 123: 0.2002
Epoch 124: 0.2001
Epoch 125: 0.2001
Epoch 126: 0.2000
Epoch 127: 0.1999
Epoch 128: 0.1999
Epoch 129: 0.1998
Epoch 130: 0.1997
Epoch 131: 0.1997
Epoch 132: 0.1996
Epoch 133: 0.1995
Epoch 134: 0.1995
Epoch 135: 0.1994
Epoch 136: 0.1994
Epoch 137: 0.1994
Epoch 138: 0.1995
Epoch 139: 0.2003
Epoch 140: 0.1995
Epoch 141: 0.1990
Epoch 142: 0.1994
Epoch 143: 0.1990
Epoch 144: 0.1990
Epoch 145: 0.1990
Epoch 146: 0.1988
Epoch 147: 0.1989
Epoch 148: 0.1987
Epoch 149: 0.1987
Epoch 150: 0.1987
Epoch 151: 0.1985
Epoch 152: 0.1986
Epoch 153: 0.1984
Epoch 154: 0.1984
Epoch 155: 0.1984
Epoch 156: 0.1983
Epoch 157: 0.1983
Epoch 158: 0.1982
Epoch 159: 0.1981
Epoch 160: 0.1981
Epoch 161: 0.1980
Epoch 162: 0.1980
Epoch 163: 0.1979
Epoch 164: 0.1978
Epoch 165: 0.1978
Epoch 166: 0.1977
Epoch 167: 0.1976
Epoch 168: 0.1976
Epoch 169: 0.1976
Epoch 170: 0.1975
Epoch 171: 0.1974
Epoch 172: 0.1974
Epoch 173: 0.1973
Epoch 174: 0.1972
Epoch 175: 0.1972
Epoch 176: 0.1971
Epoch 177: 0.1971
Epoch 178: 0.1970
Epoch 179: 0.1970
Epoch 180: 0.1969
Epoch 181: 0.1968
Epoch 182: 0.1968
Epoch 183: 0.1967
Epoch 184: 0.1967
Epoch 185: 0.1967
Epoch 186: 0.1967
Epoch 187: 0.1967
Epoch 188: 0.1970
Epoch 189: 0.1971
Epoch 190: 0.1978
Epoch 191: 0.1970
Epoch 192: 0.1963
Epoch 193: 0.1964
Epoch 194: 0.1967
Epoch 195: 0.1962
Epoch 196: 0.1961
Epoch 197: 0.1964
Epoch 198: 0.1960
Epoch 199: 0.1959
Epoch 200: 0.1961
Epoch 201: 0.1959
Epoch 202: 0.1957
Epoch 203: 0.1958
Epoch 204: 0.1958
Epoch 205: 0.1955
Epoch 206: 0.1955
Epoch 207: 0.1956
Epoch 208: 0.1954
Epoch 209: 0.1953
Epoch 210: 0.1953
Epoch 211: 0.1953
Epoch 212: 0.1952
Epoch 213: 0.1951
Epoch 214: 0.1951
Epoch 215: 0.1950
Epoch 216: 0.1949
Epoch 217: 0.1948
Epoch 218: 0.1948
Epoch 219: 0.1948
Epoch 220: 0.1947
Epoch 221: 0.1946
Epoch 222: 0.1945
Epoch 223: 0.1945
Epoch 224: 0.1944
Epoch 225: 0.1944
Epoch 226: 0.1944
Epoch 227: 0.1943
Epoch 228: 0.1943
Epoch 229: 0.1944
Epoch 230: 0.1946
Epoch 231: 0.1960
Epoch 232: 0.1981
Epoch 233: 0.2004
Epoch 234: 0.1963
Epoch 235: 0.1939
Epoch 236: 0.1958
Epoch 237: 0.1953
Epoch 238: 0.1937
Epoch 239: 0.1952
Epoch 240: 0.1947
Epoch 241: 0.1936
Epoch 242: 0.1947
Epoch 243: 0.1941
Epoch 244: 0.1934
Epoch 245: 0.1943
Epoch 246: 0.1937
Epoch 247: 0.1933
Epoch 248: 0.1940
Epoch 249: 0.1934
Epoch 250: 0.1931
Epoch 251: 0.1936
Epoch 252: 0.1931
Epoch 253: 0.1929
Epoch 254: 0.1933
Epoch 255: 0.1929
Epoch 256: 0.1928
Epoch 257: 0.1929
Epoch 258: 0.1927
Epoch 259: 0.1926
Epoch 260: 0.1927
Epoch 261: 0.1925
Epoch 262: 0.1924
Epoch 263: 0.1924
Epoch 264: 0.1924
Epoch 265: 0.1922
Epoch 266: 0.1922
Epoch 267: 0.1922
Epoch 268: 0.1921
Epoch 269: 0.1920
Epoch 270: 0.1920
Epoch 271: 0.1920
Epoch 272: 0.1919
Epoch 273: 0.1918
Epoch 274: 0.1918
Epoch 275: 0.1917
Epoch 276: 0.1916
Epoch 277: 0.1915
Epoch 278: 0.1915
Epoch 279: 0.1915
Epoch 280: 0.1914
Epoch 281: 0.1913
Epoch 282: 0.1913
Epoch 283: 0.1913
Epoch 284: 0.1912
Epoch 285: 0.1912
Epoch 286: 0.1911
Epoch 287: 0.1910
Epoch 288: 0.1909
Epoch 289: 0.1908
Epoch 290: 0.1908
Epoch 291: 0.1908
Epoch 292: 0.1908
Epoch 293: 0.1910
Epoch 294: 0.1915
Epoch 295: 0.1934
Epoch 296: 0.1957
Epoch 297: 0.1989
Epoch 298: 0.1956
Epoch 299: 0.1912
Epoch 300: 0.1910
Epoch 301: 0.1940
Epoch 302: 0.1931
Epoch 303: 0.1902
Epoch 304: 0.1920
Epoch 305: 0.1928
Epoch 306: 0.1903
Epoch 307: 0.1908
Epoch 308: 0.1919
Epoch 309: 0.1903
Epoch 310: 0.1902
Epoch 311: 0.1912
Epoch 312: 0.1902
Epoch 313: 0.1898
Epoch 314: 0.1906
Epoch 315: 0.1901
Epoch 316: 0.1895
Epoch 317: 0.1901
Epoch 318: 0.1900
Epoch 319: 0.1894
Epoch 320: 0.1897
Epoch 321: 0.1898
Epoch 322: 0.1893
Epoch 323: 0.1893
Epoch 324: 0.1895
Epoch 325: 0.1892
Epoch 326: 0.1890
Epoch 327: 0.1892
Epoch 328: 0.1892
Epoch 329: 0.1889
Epoch 330: 0.1888
Epoch 331: 0.1890
Epoch 332: 0.1889
Epoch 333: 0.1886
Epoch 334: 0.1886
Epoch 335: 0.1887
Epoch 336: 0.1886
Epoch 337: 0.1884
Epoch 338: 0.1883
Epoch 339: 0.1884
Epoch 340: 0.1883
Epoch 341: 0.1882
Epoch 342: 0.1880
Epoch 343: 0.1880
Epoch 344: 0.1880
Epoch 345: 0.1879
Epoch 346: 0.1878
Epoch 347: 0.1877
Epoch 348: 0.1877
Epoch 349: 0.1876
Epoch 350: 0.1876
Epoch 351: 0.1875
Epoch 352: 0.1875
Epoch 353: 0.1875
Epoch 354: 0.1875
Epoch 355: 0.1876
Epoch 356: 0.1878
Epoch 357: 0.1886
Epoch 358: 0.1896
Epoch 359: 0.1924
Epoch 360: 0.1944
Epoch 361: 0.1953
Epoch 362: 0.1906
Epoch 363: 0.1871
Epoch 364: 0.1878
Epoch 365: 0.1902
Epoch 366: 0.1896
Epoch 367: 0.1870
Epoch 368: 0.1872
Epoch 369: 0.1889
Epoch 370: 0.1882
Epoch 371: 0.1865
Epoch 372: 0.1872
Epoch 373: 0.1882
Epoch 374: 0.1873
Epoch 375: 0.1863
Epoch 376: 0.1869
Epoch 377: 0.1875
Epoch 378: 0.1868
Epoch 379: 0.1860
Epoch 380: 0.1865
Epoch 381: 0.1868
Epoch 382: 0.1863
Epoch 383: 0.1858
Epoch 384: 0.1861
Epoch 385: 0.1864
Epoch 386: 0.1860
Epoch 387: 0.1856
Epoch 388: 0.1857
Epoch 389: 0.1859
Epoch 390: 0.1858
Epoch 391: 0.1854
Epoch 392: 0.1853
Epoch 393: 0.1854
Epoch 394: 0.1855
Epoch 395: 0.1853
Epoch 396: 0.1851
Epoch 397: 0.1850
Epoch 398: 0.1850
Epoch 399: 0.1850
Epoch 400: 0.1850
Epoch 401: 0.1849
Epoch 402: 0.1847
Epoch 403: 0.1846
Epoch 404: 0.1845
Epoch 405: 0.1844
Epoch 406: 0.1844
Epoch 407: 0.1844
Epoch 408: 0.1845
Epoch 409: 0.1846
Epoch 410: 0.1847
Epoch 411: 0.1855
Epoch 412: 0.1867
Epoch 413: 0.1902
Epoch 414: 0.1941
Epoch 415: 0.1968
Epoch 416: 0.1927
Epoch 417: 0.1863
Epoch 418: 0.1839
Epoch 419: 0.1878
Epoch 420: 0.1910
Epoch 421: 0.1872
Epoch 422: 0.1836
Epoch 423: 0.1860
Epoch 424: 0.1882
Epoch 425: 0.1857
Epoch 426: 0.1834
Epoch 427: 0.1853
Epoch 428: 0.1862
Epoch 429: 0.1841
Epoch 430: 0.1834
Epoch 431: 0.1850
Epoch 432: 0.1849
Epoch 433: 0.1833
Epoch 434: 0.1833
Epoch 435: 0.1843
Epoch 436: 0.1838
Epoch 437: 0.1829
Epoch 438: 0.1832
Epoch 439: 0.1837
Epoch 440: 0.1832
Epoch 441: 0.1827
Epoch 442: 0.1828
Epoch 443: 0.1831
Epoch 444: 0.1829
Epoch 445: 0.1824
Epoch 446: 0.1824
Epoch 447: 0.1826
Epoch 448: 0.1826
Epoch 449: 0.1823
Epoch 450: 0.1821
Epoch 451: 0.1822
Epoch 452: 0.1823
Epoch 453: 0.1822
Epoch 454: 0.1820
Epoch 455: 0.1818
Epoch 456: 0.1817
Epoch 457: 0.1817
Epoch 458: 0.1817
Epoch 459: 0.1816
Epoch 460: 0.1816
Epoch 461: 0.1815
Epoch 462: 0.1814
Epoch 463: 0.1813
Epoch 464: 0.1812
Epoch 465: 0.1811
Epoch 466: 0.1811
Epoch 467: 0.1810
Epoch 468: 0.1810
Epoch 469: 0.1810
Epoch 470: 0.1812
Epoch 471: 0.1818
Epoch 472: 0.1830
Epoch 473: 0.1862
Epoch 474: 0.1919
Epoch 475: 0.1992
Epoch 476: 0.2000
Epoch 477: 0.1890
Epoch 478: 0.1805
Epoch 479: 0.1856
Epoch 480: 0.1939
Epoch 481: 0.1891
Epoch 482: 0.1809
Epoch 483: 0.1834
Epoch 484: 0.1886
Epoch 485: 0.1848
Epoch 486: 0.1802
Epoch 487: 0.1841
Epoch 488: 0.1858
Epoch 489: 0.1811
Epoch 490: 0.1808
Epoch 491: 0.1839
Epoch 492: 0.1821
Epoch 493: 0.1799
Epoch 494: 0.1817
Epoch 495: 0.1822
Epoch 496: 0.1800
Epoch 497: 0.1803
Epoch 498: 0.1815
Epoch 499: 0.1805
Epoch 500: 0.1795
Epoch 1: 0.1803
Epoch 2: 2.5339
Epoch 3: 0.3303
Epoch 4: 0.8323
Epoch 5: 1.2667
Epoch 6: 0.9527
Epoch 7: 0.6748
Epoch 8: 0.5945
Epoch 9: 0.5899
Epoch 10: 0.5740
Epoch 11: 0.5184
Epoch 12: 0.4307
Epoch 13: 0.3492
Epoch 14: 0.3267
Epoch 15: 0.3758
Epoch 16: 0.4409
Epoch 17: 0.4554
Epoch 18: 0.4002
Epoch 19: 0.3153
Epoch 20: 0.2542
Epoch 21: 0.2377
Epoch 22: 0.2523
Epoch 23: 0.2731
Epoch 24: 0.2831
Epoch 25: 0.2817
Epoch 26: 0.2687
Epoch 27: 0.2530
Epoch 28: 0.2385
Epoch 29: 0.2380
Epoch 30: 0.2354
Epoch 31: 0.2290
Epoch 32: 0.2204
Epoch 33: 0.2168
Epoch 34: 0.2201
Epoch 35: 0.2266
Epoch 36: 0.2301
Epoch 37: 0.2291
Epoch 38: 0.2244
Epoch 39: 0.2199
Epoch 40: 0.2179
Epoch 41: 0.2182
Epoch 42: 0.2190
Epoch 43: 0.2183
Epoch 44: 0.2155
Epoch 45: 0.2121
Epoch 46: 0.2098
Epoch 47: 0.2096
Epoch 48: 0.2106
Epoch 49: 0.2112
Epoch 50: 0.2105
Epoch 51: 0.2091
Epoch 52: 0.2081
Epoch 53: 0.2076
Epoch 54: 0.2073
Epoch 55: 0.2068
Epoch 56: 0.2059
Epoch 57: 0.2054
Epoch 58: 0.2055
Epoch 59: 0.2058
Epoch 60: 0.2058
Epoch 61: 0.2051
Epoch 62: 0.2042
Epoch 63: 0.2035
Epoch 64: 0.2034
Epoch 65: 0.2035
Epoch 66: 0.2034
Epoch 67: 0.2032
Epoch 68: 0.2030
Epoch 69: 0.2027
Epoch 70: 0.2025
Epoch 71: 0.2023
Epoch 72: 0.2021
Epoch 73: 0.2020
Epoch 74: 0.2020
Epoch 75: 0.2020
Epoch 76: 0.2019
Epoch 77: 0.2017
Epoch 78: 0.2016
Epoch 79: 0.2015
Epoch 80: 0.2014
Epoch 81: 0.2014
Epoch 82: 0.2013
Epoch 83: 0.2012
Epoch 84: 0.2011
Epoch 85: 0.2011
Epoch 86: 0.2010
Epoch 87: 0.2009
Epoch 88: 0.2009
Epoch 89: 0.2009
Epoch 90: 0.2008
Epoch 91: 0.2008
Epoch 92: 0.2007
Epoch 93: 0.2006
Epoch 94: 0.2006
Epoch 95: 0.2005
Epoch 96: 0.2004
Epoch 97: 0.2004
Epoch 98: 0.2004
Epoch 99: 0.2003
Epoch 100: 0.2002
Epoch 101: 0.2002
Epoch 102: 0.2002
Epoch 103: 0.2001
Epoch 104: 0.2001
Epoch 105: 0.2001
Epoch 106: 0.2000
Epoch 107: 0.2000
Epoch 108: 0.1999
Epoch 109: 0.1999
Epoch 110: 0.1999
Epoch 111: 0.1998
Epoch 112: 0.1998
Epoch 113: 0.1998
Epoch 114: 0.1997
Epoch 115: 0.1997
Epoch 116: 0.1997
Epoch 117: 0.1996
Epoch 118: 0.1996
Epoch 119: 0.1996
Epoch 120: 0.1996
Epoch 121: 0.1995
Epoch 122: 0.1995
Epoch 123: 0.1995
Epoch 124: 0.1995
Epoch 125: 0.1994
Epoch 126: 0.1994
Epoch 127: 0.1994
Epoch 128: 0.1994
Epoch 129: 0.1993
Epoch 130: 0.1993
Epoch 131: 0.1993
Epoch 132: 0.1993
Epoch 133: 0.1993
Epoch 134: 0.1992
Epoch 135: 0.1992
Epoch 136: 0.1992
Epoch 137: 0.1992
Epoch 138: 0.1991
Epoch 139: 0.1991
Epoch 140: 0.1991
Epoch 141: 0.1991
Epoch 142: 0.1991
Epoch 143: 0.1990
Epoch 144: 0.1990
Epoch 145: 0.1990
Epoch 146: 0.1990
Epoch 147: 0.1990
Epoch 148: 0.1989
Epoch 149: 0.1989
Epoch 150: 0.1989
Epoch 151: 0.1989
Epoch 152: 0.1988
Epoch 153: 0.1988
Epoch 154: 0.1988
Epoch 155: 0.1988
Epoch 156: 0.1987
Epoch 157: 0.1987
Epoch 158: 0.1986
Epoch 159: 0.1985
Epoch 160: 0.1983
Epoch 161: 0.1981
Epoch 162: 0.1978
Epoch 163: 0.1973
Epoch 164: 0.1970
Epoch 165: 0.1971
Epoch 166: 0.1973
Epoch 167: 0.1972
Epoch 168: 0.1970
Epoch 169: 0.1968
Epoch 170: 0.1966
Epoch 171: 0.1967
Epoch 172: 0.1966
Epoch 173: 0.1965
Epoch 174: 0.1964
Epoch 175: 0.1964
Epoch 176: 0.1964
Epoch 177: 0.1964
Epoch 178: 0.1964
Epoch 179: 0.1962
Epoch 180: 0.1962
Epoch 181: 0.1963
Epoch 182: 0.1962
Epoch 183: 0.1962
Epoch 184: 0.1962
Epoch 185: 0.1961
Epoch 186: 0.1961
Epoch 187: 0.1961
Epoch 188: 0.1960
Epoch 189: 0.1960
Epoch 190: 0.1960
Epoch 191: 0.1960
Epoch 192: 0.1960
Epoch 193: 0.1959
Epoch 194: 0.1959
Epoch 195: 0.1959
Epoch 196: 0.1958
Epoch 197: 0.1958
Epoch 198: 0.1958
Epoch 199: 0.1958
Epoch 200: 0.1958
Epoch 201: 0.1957
Epoch 202: 0.1957
Epoch 203: 0.1957
Epoch 204: 0.1957
Epoch 205: 0.1956
Epoch 206: 0.1956
Epoch 207: 0.1956
Epoch 208: 0.1956
Epoch 209: 0.1956
Epoch 210: 0.1956
Epoch 211: 0.1956
Epoch 212: 0.1955
Epoch 213: 0.1955
Epoch 214: 0.1955
Epoch 215: 0.1955
Epoch 216: 0.1955
Epoch 217: 0.1955
Epoch 218: 0.1955
Epoch 219: 0.1954
Epoch 220: 0.1954
Epoch 221: 0.1954
Epoch 222: 0.1954
Epoch 223: 0.1954
Epoch 224: 0.1954
Epoch 225: 0.1953
Epoch 226: 0.1953
Epoch 227: 0.1953
Epoch 228: 0.1953
Epoch 229: 0.1953
Epoch 230: 0.1953
Epoch 231: 0.1953
Epoch 232: 0.1952
Epoch 233: 0.1952
Epoch 234: 0.1952
Epoch 235: 0.1952
Epoch 236: 0.1952
Epoch 237: 0.1952
Epoch 238: 0.1951
Epoch 239: 0.1951
Epoch 240: 0.1951
Epoch 241: 0.1951
Epoch 242: 0.1951
Epoch 243: 0.1951
Epoch 244: 0.1950
Epoch 245: 0.1950
Epoch 246: 0.1950
Epoch 247: 0.1950
Epoch 248: 0.1950
Epoch 249: 0.1950
Epoch 250: 0.1950
Epoch 251: 0.1949
Epoch 252: 0.1949
Epoch 253: 0.1949
Epoch 254: 0.1949
Epoch 255: 0.1949
Epoch 256: 0.1949
Epoch 257: 0.1948
Epoch 258: 0.1948
Epoch 259: 0.1948
Epoch 260: 0.1945
Epoch 261: 0.1936
Epoch 262: 0.1935
Epoch 263: 0.1936
Epoch 264: 0.1935
Epoch 265: 0.1933
Epoch 266: 0.1932
Epoch 267: 0.1932
Epoch 268: 0.1932
Epoch 269: 0.1932
Epoch 270: 0.1931
Epoch 271: 0.1931
Epoch 272: 0.1931
Epoch 273: 0.1931
Epoch 274: 0.1930
Epoch 275: 0.1930
Epoch 276: 0.1929
Epoch 277: 0.1928
Epoch 278: 0.1928
Epoch 279: 0.1928
Epoch 280: 0.1928
Epoch 281: 0.1928
Epoch 282: 0.1928
Epoch 283: 0.1927
Epoch 284: 0.1927
Epoch 285: 0.1926
Epoch 286: 0.1926
Epoch 287: 0.1926
Epoch 288: 0.1926
Epoch 289: 0.1926
Epoch 290: 0.1926
Epoch 291: 0.1925
Epoch 292: 0.1925
Epoch 293: 0.1925
Epoch 294: 0.1925
Epoch 295: 0.1924
Epoch 296: 0.1924
Epoch 297: 0.1924
Epoch 298: 0.1924
Epoch 299: 0.1924
Epoch 300: 0.1924
Epoch 301: 0.1923
Epoch 302: 0.1923
Epoch 303: 0.1923
Epoch 304: 0.1923
Epoch 305: 0.1923
Epoch 306: 0.1923
Epoch 307: 0.1922
Epoch 308: 0.1922
Epoch 309: 0.1922
Epoch 310: 0.1922
Epoch 311: 0.1922
Epoch 312: 0.1921
Epoch 313: 0.1921
Epoch 314: 0.1921
Epoch 315: 0.1921
Epoch 316: 0.1921
Epoch 317: 0.1920
Epoch 318: 0.1920
Epoch 319: 0.1920
Epoch 320: 0.1920
Epoch 321: 0.1920
Epoch 322: 0.1920
Epoch 323: 0.1919
Epoch 324: 0.1919
Epoch 325: 0.1919
Epoch 326: 0.1919
Epoch 327: 0.1919
Epoch 328: 0.1919
Epoch 329: 0.1918
Epoch 330: 0.1918
Epoch 331: 0.1918
Epoch 332: 0.1918
Epoch 333: 0.1917
Epoch 334: 0.1917
Epoch 335: 0.1917
Epoch 336: 0.1917
Epoch 337: 0.1916
Epoch 338: 0.1916
Epoch 339: 0.1916
Epoch 340: 0.1915
Epoch 341: 0.1915
Epoch 342: 0.1915
Epoch 343: 0.1914
Epoch 344: 0.1914
Epoch 345: 0.1914
Epoch 346: 0.1913
Epoch 347: 0.1913
Epoch 348: 0.1913
Epoch 349: 0.1913
Epoch 350: 0.1913
Epoch 351: 0.1912
Epoch 352: 0.1912
Epoch 353: 0.1912
Epoch 354: 0.1912
Epoch 355: 0.1912
Epoch 356: 0.1911
Epoch 357: 0.1911
Epoch 358: 0.1911
Epoch 359: 0.1911
Epoch 360: 0.1910
Epoch 361: 0.1910
Epoch 362: 0.1910
Epoch 363: 0.1910
Epoch 364: 0.1910
Epoch 365: 0.1909
Epoch 366: 0.1909
Epoch 367: 0.1909
Epoch 368: 0.1909
Epoch 369: 0.1908
Epoch 370: 0.1908
Epoch 371: 0.1908
Epoch 372: 0.1908
Epoch 373: 0.1908
Epoch 374: 0.1907
Epoch 375: 0.1907
Epoch 376: 0.1907
Epoch 377: 0.1907
Epoch 378: 0.1907
Epoch 379: 0.1907
Epoch 380: 0.1906
Epoch 381: 0.1906
Epoch 382: 0.1906
Epoch 383: 0.1906
Epoch 384: 0.1906
Epoch 385: 0.1906
Epoch 386: 0.1905
Epoch 387: 0.1905
Epoch 388: 0.1905
Epoch 389: 0.1905
Epoch 390: 0.1904
Epoch 391: 0.1904
Epoch 392: 0.1904
Epoch 393: 0.1904
Epoch 394: 0.1904
Epoch 395: 0.1904
Epoch 396: 0.1904
Epoch 397: 0.1903
Epoch 398: 0.1903
Epoch 399: 0.1903
Epoch 400: 0.1903
Epoch 401: 0.1903
Epoch 402: 0.1902
Epoch 403: 0.1902
Epoch 404: 0.1902
Epoch 405: 0.1902
Epoch 406: 0.1902
Epoch 407: 0.1902
Epoch 408: 0.1901
Epoch 409: 0.1901
Epoch 410: 0.1902
Epoch 411: 0.1901
Epoch 412: 0.1901
Epoch 413: 0.1901
Epoch 414: 0.1901
Epoch 415: 0.1900
Epoch 416: 0.1901
Epoch 417: 0.1900
Epoch 418: 0.1900
Epoch 419: 0.1899
Epoch 420: 0.1900
Epoch 421: 0.1900
Epoch 422: 0.1900
Epoch 423: 0.1899
Epoch 424: 0.1899
Epoch 425: 0.1899
Epoch 426: 0.1898
Epoch 427: 0.1899
Epoch 428: 0.1898
Epoch 429: 0.1898
Epoch 430: 0.1897
Epoch 431: 0.1898
Epoch 432: 0.1897
Epoch 433: 0.1897
Epoch 434: 0.1897
Epoch 435: 0.1896
Epoch 436: 0.1896
Epoch 437: 0.1896
Epoch 438: 0.1896
Epoch 439: 0.1896
Epoch 440: 0.1895
Epoch 441: 0.1896
Epoch 442: 0.1895
Epoch 443: 0.1895
Epoch 444: 0.1895
Epoch 445: 0.1894
Epoch 446: 0.1894
Epoch 447: 0.1894
Epoch 448: 0.1894
Epoch 449: 0.1894
Epoch 450: 0.1894
Epoch 451: 0.1893
Epoch 452: 0.1893
Epoch 453: 0.1893
Epoch 454: 0.1892
Epoch 455: 0.1893
Epoch 456: 0.1892
Epoch 457: 0.1892
Epoch 458: 0.1891
Epoch 459: 0.1892
Epoch 460: 0.1892
Epoch 461: 0.1891
Epoch 462: 0.1891
Epoch 463: 0.1891
Epoch 464: 0.1891
Epoch 465: 0.1890
Epoch 466: 0.1889
Epoch 467: 0.1889
Epoch 468: 0.1889
Epoch 469: 0.1888
Epoch 470: 0.1888
Epoch 471: 0.1888
Epoch 472: 0.1887
Epoch 473: 0.1887
Epoch 474: 0.1886
Epoch 475: 0.1886
Epoch 476: 0.1885
Epoch 477: 0.1885
Epoch 478: 0.1885
Epoch 479: 0.1884
Epoch 480: 0.1884
Epoch 481: 0.1884
Epoch 482: 0.1884
Epoch 483: 0.1883
Epoch 484: 0.1883
Epoch 485: 0.1882
Epoch 486: 0.1882
Epoch 487: 0.1882
Epoch 488: 0.1882
Epoch 489: 0.1881
Epoch 490: 0.1881
Epoch 491: 0.1880
Epoch 492: 0.1880
Epoch 493: 0.1881
Epoch 494: 0.1880
Epoch 495: 0.1879
Epoch 496: 0.1879
Epoch 497: 0.1879
Epoch 498: 0.1878
Epoch 499: 0.1878
Epoch 500: 0.1878
Epoch 1: 0.1877
Epoch 2: 1.4818
Epoch 3: 0.3017
Epoch 4: 0.5544
Epoch 5: 0.6141
Epoch 6: 0.3783
Epoch 7: 0.2763
Epoch 8: 0.3315
Epoch 9: 0.3711
Epoch 10: 0.3688
Epoch 11: 0.3505
Epoch 12: 0.3351
Epoch 13: 0.3207
Epoch 14: 0.3149
Epoch 15: 0.3234
Epoch 16: 0.3364
Epoch 17: 0.3352
Epoch 18: 0.3171
Epoch 19: 0.2999
Epoch 20: 0.3010
Epoch 21: 0.3139
Epoch 22: 0.3183
Epoch 23: 0.3067
Epoch 24: 0.2925
Epoch 25: 0.2868
Epoch 26: 0.2895
Epoch 27: 0.2928
Epoch 28: 0.2906
Epoch 29: 0.2835
Epoch 30: 0.2775
Epoch 31: 0.2753
Epoch 32: 0.2751
Epoch 33: 0.2745
Epoch 34: 0.2713
Epoch 35: 0.2656
Epoch 36: 0.2598
Epoch 37: 0.2563
Epoch 38: 0.2544
Epoch 39: 0.2513
Epoch 40: 0.2457
Epoch 41: 0.2398
Epoch 42: 0.2362
Epoch 43: 0.2338
Epoch 44: 0.2310
Epoch 45: 0.2281
Epoch 46: 0.2266
Epoch 47: 0.2259
Epoch 48: 0.2256
Epoch 49: 0.2244
Epoch 50: 0.2228
Epoch 51: 0.2214
Epoch 52: 0.2200
Epoch 53: 0.2185
Epoch 54: 0.2168
Epoch 55: 0.2156
Epoch 56: 0.2152
Epoch 57: 0.2151
Epoch 58: 0.2151
Epoch 59: 0.2150
Epoch 60: 0.2150
Epoch 61: 0.2150
Epoch 62: 0.2150
Epoch 63: 0.2147
Epoch 64: 0.2143
Epoch 65: 0.2140
Epoch 66: 0.2137
Epoch 67: 0.2135
Epoch 68: 0.2132
Epoch 69: 0.2129
Epoch 70: 0.2125
Epoch 71: 0.2121
Epoch 72: 0.2117
Epoch 73: 0.2114
Epoch 74: 0.2110
Epoch 75: 0.2109
Epoch 76: 0.2108
Epoch 77: 0.2107
Epoch 78: 0.2106
Epoch 79: 0.2105
Epoch 80: 0.2104
Epoch 81: 0.2102
Epoch 82: 0.2100
Epoch 83: 0.2099
Epoch 84: 0.2097
Epoch 85: 0.2096
Epoch 86: 0.2095
Epoch 87: 0.2094
Epoch 88: 0.2093
Epoch 89: 0.2093
Epoch 90: 0.2092
Epoch 91: 0.2091
Epoch 92: 0.2090
Epoch 93: 0.2089
Epoch 94: 0.2088
Epoch 95: 0.2087
Epoch 96: 0.2086
Epoch 97: 0.2085
Epoch 98: 0.2084
Epoch 99: 0.2083
Epoch 100: 0.2082
Epoch 101: 0.2082
Epoch 102: 0.2081
Epoch 103: 0.2080
Epoch 104: 0.2080
Epoch 105: 0.2079
Epoch 106: 0.2078
Epoch 107: 0.2078
Epoch 108: 0.2077
Epoch 109: 0.2076
Epoch 110: 0.2075
Epoch 111: 0.2075
Epoch 112: 0.2074
Epoch 113: 0.2073
Epoch 114: 0.2071
Epoch 115: 0.2069
Epoch 116: 0.2068
Epoch 117: 0.2067
Epoch 118: 0.2066
Epoch 119: 0.2065
Epoch 120: 0.2065
Epoch 121: 0.2064
Epoch 122: 0.2064
Epoch 123: 0.2063
Epoch 124: 0.2063
Epoch 125: 0.2062
Epoch 126: 0.2061
Epoch 127: 0.2061
Epoch 128: 0.2060
Epoch 129: 0.2060
Epoch 130: 0.2059
Epoch 131: 0.2058
Epoch 132: 0.2058
Epoch 133: 0.2057
Epoch 134: 0.2056
Epoch 135: 0.2056
Epoch 136: 0.2055
Epoch 137: 0.2055
Epoch 138: 0.2054
Epoch 139: 0.2054
Epoch 140: 0.2053
Epoch 141: 0.2053
Epoch 142: 0.2052
Epoch 143: 0.2052
Epoch 144: 0.2051
Epoch 145: 0.2050
Epoch 146: 0.2050
Epoch 147: 0.2049
Epoch 148: 0.2049
Epoch 149: 0.2048
Epoch 150: 0.2048
Epoch 151: 0.2047
Epoch 152: 0.2047
Epoch 153: 0.2046
Epoch 154: 0.2046
Epoch 155: 0.2045
Epoch 156: 0.2045
Epoch 157: 0.2044
Epoch 158: 0.2044
Epoch 159: 0.2043
Epoch 160: 0.2043
Epoch 161: 0.2042
Epoch 162: 0.2042
Epoch 163: 0.2041
Epoch 164: 0.2041
Epoch 165: 0.2040
Epoch 166: 0.2039
Epoch 167: 0.2039
Epoch 168: 0.2039
Epoch 169: 0.2038
Epoch 170: 0.2037
Epoch 171: 0.2037
Epoch 172: 0.2036
Epoch 173: 0.2036
Epoch 174: 0.2035
Epoch 175: 0.2035
Epoch 176: 0.2034
Epoch 177: 0.2033
Epoch 178: 0.2033
Epoch 179: 0.2032
Epoch 180: 0.2031
Epoch 181: 0.2031
Epoch 182: 0.2030
Epoch 183: 0.2029
Epoch 184: 0.2029
Epoch 185: 0.2028
Epoch 186: 0.2027
Epoch 187: 0.2026
Epoch 188: 0.2025
Epoch 189: 0.2024
Epoch 190: 0.2023
Epoch 191: 0.2021
Epoch 192: 0.2020
Epoch 193: 0.2019
Epoch 194: 0.2017
Epoch 195: 0.2015
Epoch 196: 0.2013
Epoch 197: 0.2011
Epoch 198: 0.2008
Epoch 199: 0.2004
Epoch 200: 0.2001
Epoch 201: 0.1998
Epoch 202: 0.1995
Epoch 203: 0.1992
Epoch 204: 0.1990
Epoch 205: 0.1989
Epoch 206: 0.1987
Epoch 207: 0.1986
Epoch 208: 0.1985
Epoch 209: 0.1984
Epoch 210: 0.1984
Epoch 211: 0.1983
Epoch 212: 0.1982
Epoch 213: 0.1981
Epoch 214: 0.1980
Epoch 215: 0.1979
Epoch 216: 0.1978
Epoch 217: 0.1977
Epoch 218: 0.1976
Epoch 219: 0.1975
Epoch 220: 0.1974
Epoch 221: 0.1974
Epoch 222: 0.1973
Epoch 223: 0.1972
Epoch 224: 0.1972
Epoch 225: 0.1971
Epoch 226: 0.1970
Epoch 227: 0.1969
Epoch 228: 0.1969
Epoch 229: 0.1968
Epoch 230: 0.1967
Epoch 231: 0.1967
Epoch 232: 0.1966
Epoch 233: 0.1965
Epoch 234: 0.1965
Epoch 235: 0.1964
Epoch 236: 0.1964
Epoch 237: 0.1963
Epoch 238: 0.1963
Epoch 239: 0.1962
Epoch 240: 0.1962
Epoch 241: 0.1961
Epoch 242: 0.1960
Epoch 243: 0.1960
Epoch 244: 0.1959
Epoch 245: 0.1959
Epoch 246: 0.1958
Epoch 247: 0.1958
Epoch 248: 0.1957
Epoch 249: 0.1957
Epoch 250: 0.1956
Epoch 251: 0.1956
Epoch 252: 0.1955
Epoch 253: 0.1955
Epoch 254: 0.1954
Epoch 255: 0.1954
Epoch 256: 0.1953
Epoch 257: 0.1953
Epoch 258: 0.1952
Epoch 259: 0.1952
Epoch 260: 0.1951
Epoch 261: 0.1951
Epoch 262: 0.1950
Epoch 263: 0.1950
Epoch 264: 0.1949
Epoch 265: 0.1949
Epoch 266: 0.1948
Epoch 267: 0.1948
Epoch 268: 0.1948
Epoch 269: 0.1947
Epoch 270: 0.1947
Epoch 271: 0.1946
Epoch 272: 0.1946
Epoch 273: 0.1945
Epoch 274: 0.1945
Epoch 275: 0.1944
Epoch 276: 0.1944
Epoch 277: 0.1943
Epoch 278: 0.1943
Epoch 279: 0.1942
Epoch 280: 0.1942
Epoch 281: 0.1941
Epoch 282: 0.1940
Epoch 283: 0.1940
Epoch 284: 0.1939
Epoch 285: 0.1939
Epoch 286: 0.1939
Epoch 287: 0.1938
Epoch 288: 0.1937
Epoch 289: 0.1937
Epoch 290: 0.1937
Epoch 291: 0.1936
Epoch 292: 0.1935
Epoch 293: 0.1935
Epoch 294: 0.1934
Epoch 295: 0.1934
Epoch 296: 0.1933
Epoch 297: 0.1933
Epoch 298: 0.1932
Epoch 299: 0.1932
Epoch 300: 0.1931
Epoch 301: 0.1931
Epoch 302: 0.1930
Epoch 303: 0.1930
Epoch 304: 0.1929
Epoch 305: 0.1929
Epoch 306: 0.1928
Epoch 307: 0.1928
Epoch 308: 0.1927
Epoch 309: 0.1927
Epoch 310: 0.1926
Epoch 311: 0.1926
Epoch 312: 0.1925
Epoch 313: 0.1925
Epoch 314: 0.1924
Epoch 315: 0.1924
Epoch 316: 0.1923
Epoch 317: 0.1923
Epoch 318: 0.1922
Epoch 319: 0.1922
Epoch 320: 0.1921
Epoch 321: 0.1920
Epoch 322: 0.1920
Epoch 323: 0.1919
Epoch 324: 0.1919
Epoch 325: 0.1918
Epoch 326: 0.1918
Epoch 327: 0.1917
Epoch 328: 0.1917
Epoch 329: 0.1916
Epoch 330: 0.1916
Epoch 331: 0.1915
Epoch 332: 0.1915
Epoch 333: 0.1914
Epoch 334: 0.1914
Epoch 335: 0.1913
Epoch 336: 0.1913
Epoch 337: 0.1912
Epoch 338: 0.1912
Epoch 339: 0.1911
Epoch 340: 0.1911
Epoch 341: 0.1910
Epoch 342: 0.1910
Epoch 343: 0.1909
Epoch 344: 0.1909
Epoch 345: 0.1908
Epoch 346: 0.1908
Epoch 347: 0.1907
Epoch 348: 0.1906
Epoch 349: 0.1906
Epoch 350: 0.1905
Epoch 351: 0.1905
Epoch 352: 0.1905
Epoch 353: 0.1904
Epoch 354: 0.1904
Epoch 355: 0.1903
Epoch 356: 0.1902
Epoch 357: 0.1902
Epoch 358: 0.1902
Epoch 359: 0.1901
Epoch 360: 0.1901
Epoch 361: 0.1900
Epoch 362: 0.1899
Epoch 363: 0.1899
Epoch 364: 0.1898
Epoch 365: 0.1898
Epoch 366: 0.1897
Epoch 367: 0.1897
Epoch 368: 0.1896
Epoch 369: 0.1896
Epoch 370: 0.1895
Epoch 371: 0.1895
Epoch 372: 0.1894
Epoch 373: 0.1894
Epoch 374: 0.1893
Epoch 375: 0.1893
Epoch 376: 0.1892
Epoch 377: 0.1891
Epoch 378: 0.1891
Epoch 379: 0.1890
Epoch 380: 0.1890
Epoch 381: 0.1889
Epoch 382: 0.1889
Epoch 383: 0.1888
Epoch 384: 0.1888
Epoch 385: 0.1887
Epoch 386: 0.1886
Epoch 387: 0.1886
Epoch 388: 0.1886
Epoch 389: 0.1885
Epoch 390: 0.1884
Epoch 391: 0.1884
Epoch 392: 0.1883
Epoch 393: 0.1883
Epoch 394: 0.1883
Epoch 395: 0.1882
Epoch 396: 0.1881
Epoch 397: 0.1880
Epoch 398: 0.1880
Epoch 399: 0.1879
Epoch 400: 0.1878
Epoch 401: 0.1878
Epoch 402: 0.1878
Epoch 403: 0.1877
Epoch 404: 0.1876
Epoch 405: 0.1876
Epoch 406: 0.1876
Epoch 407: 0.1875
Epoch 408: 0.1874
Epoch 409: 0.1873
Epoch 410: 0.1873
Epoch 411: 0.1872
Epoch 412: 0.1872
Epoch 413: 0.1871
Epoch 414: 0.1870
Epoch 415: 0.1870
Epoch 416: 0.1869
Epoch 417: 0.1869
Epoch 418: 0.1868
Epoch 419: 0.1867
Epoch 420: 0.1867
Epoch 421: 0.1866
Epoch 422: 0.1866
Epoch 423: 0.1865
Epoch 424: 0.1864
Epoch 425: 0.1864
Epoch 426: 0.1863
Epoch 427: 0.1863
Epoch 428: 0.1862
Epoch 429: 0.1861
Epoch 430: 0.1861
Epoch 431: 0.1860
Epoch 432: 0.1860
Epoch 433: 0.1859
Epoch 434: 0.1859
Epoch 435: 0.1858
Epoch 436: 0.1857
Epoch 437: 0.1857
Epoch 438: 0.1857
Epoch 439: 0.1857
Epoch 440: 0.1858
Epoch 441: 0.1859
Epoch 442: 0.1863
Epoch 443: 0.1865
Epoch 444: 0.1867
Epoch 445: 0.1864
Epoch 446: 0.1858
Epoch 447: 0.1852
Epoch 448: 0.1851
Epoch 449: 0.1853
Epoch 450: 0.1857
Epoch 451: 0.1859
Epoch 452: 0.1856
Epoch 453: 0.1851
Epoch 454: 0.1847
Epoch 455: 0.1846
Epoch 456: 0.1848
Epoch 457: 0.1851
Epoch 458: 0.1853
Epoch 459: 0.1852
Epoch 460: 0.1851
Epoch 461: 0.1848
Epoch 462: 0.1846
Epoch 463: 0.1843
Epoch 464: 0.1842
Epoch 465: 0.1840
Epoch 466: 0.1840
Epoch 467: 0.1840
Epoch 468: 0.1841
Epoch 469: 0.1842
Epoch 470: 0.1846
Epoch 471: 0.1856
Epoch 472: 0.1867
Epoch 473: 0.1890
Epoch 474: 0.1893
Epoch 475: 0.1877
Epoch 476: 0.1844
Epoch 477: 0.1836
Epoch 478: 0.1857
Epoch 479: 0.1870
Epoch 480: 0.1853
Epoch 481: 0.1833
Epoch 482: 0.1837
Epoch 483: 0.1850
Epoch 484: 0.1851
Epoch 485: 0.1837
Epoch 486: 0.1828
Epoch 487: 0.1834
Epoch 488: 0.1842
Epoch 489: 0.1838
Epoch 490: 0.1828
Epoch 491: 0.1826
Epoch 492: 0.1831
Epoch 493: 0.1835
Epoch 494: 0.1830
Epoch 495: 0.1823
Epoch 496: 0.1823
Epoch 497: 0.1826
Epoch 498: 0.1827
Epoch 499: 0.1824
Epoch 500: 0.1820
Epoch 1: 0.1819
Epoch 2: 1.6333
Epoch 3: 0.2867
Epoch 4: 0.5904
Epoch 5: 0.9856
Epoch 6: 0.7738
Epoch 7: 0.4285
Epoch 8: 0.2619
Epoch 9: 0.2809
Epoch 10: 0.4193
Epoch 11: 0.5032
Epoch 12: 0.4294
Epoch 13: 0.2948
Epoch 14: 0.2177
Epoch 15: 0.2314
Epoch 16: 0.2922
Epoch 17: 0.3411
Epoch 18: 0.3422
Epoch 19: 0.2995
Epoch 20: 0.2436
Epoch 21: 0.2108
Epoch 22: 0.2213
Epoch 23: 0.2537
Epoch 24: 0.2706
Epoch 25: 0.2591
Epoch 26: 0.2317
Epoch 27: 0.2098
Epoch 28: 0.2070
Epoch 29: 0.2191
Epoch 30: 0.2319
Epoch 31: 0.2336
Epoch 32: 0.2235
Epoch 33: 0.2105
Epoch 34: 0.2039
Epoch 35: 0.2068
Epoch 36: 0.2137
Epoch 37: 0.2169
Epoch 38: 0.2122
Epoch 39: 0.2047
Epoch 40: 0.2008
Epoch 41: 0.2024
Epoch 42: 0.2061
Epoch 43: 0.2075
Epoch 44: 0.2056
Epoch 45: 0.2018
Epoch 46: 0.2001
Epoch 47: 0.2012
Epoch 48: 0.2029
Epoch 49: 0.2027
Epoch 50: 0.2010
Epoch 51: 0.1994
Epoch 52: 0.1991
Epoch 53: 0.2000
Epoch 54: 0.2005
Epoch 55: 0.1997
Epoch 56: 0.1983
Epoch 57: 0.1975
Epoch 58: 0.1979
Epoch 59: 0.1987
Epoch 60: 0.1986
Epoch 61: 0.1975
Epoch 62: 0.1968
Epoch 63: 0.1969
Epoch 64: 0.1974
Epoch 65: 0.1975
Epoch 66: 0.1970
Epoch 67: 0.1965
Epoch 68: 0.1963
Epoch 69: 0.1965
Epoch 70: 0.1965
Epoch 71: 0.1963
Epoch 72: 0.1960
Epoch 73: 0.1958
Epoch 74: 0.1959
Epoch 75: 0.1960
Epoch 76: 0.1958
Epoch 77: 0.1955
Epoch 78: 0.1954
Epoch 79: 0.1955
Epoch 80: 0.1954
Epoch 81: 0.1953
Epoch 82: 0.1951
Epoch 83: 0.1951
Epoch 84: 0.1951
Epoch 85: 0.1950
Epoch 86: 0.1949
Epoch 87: 0.1948
Epoch 88: 0.1948
Epoch 89: 0.1948
Epoch 90: 0.1947
Epoch 91: 0.1946
Epoch 92: 0.1946
Epoch 93: 0.1945
Epoch 94: 0.1945
Epoch 95: 0.1945
Epoch 96: 0.1944
Epoch 97: 0.1943
Epoch 98: 0.1943
Epoch 99: 0.1942
Epoch 100: 0.1942
Epoch 101: 0.1941
Epoch 102: 0.1941
Epoch 103: 0.1940
Epoch 104: 0.1939
Epoch 105: 0.1939
Epoch 106: 0.1938
Epoch 107: 0.1938
Epoch 108: 0.1937
Epoch 109: 0.1937
Epoch 110: 0.1936
Epoch 111: 0.1936
Epoch 112: 0.1935
Epoch 113: 0.1935
Epoch 114: 0.1935
Epoch 115: 0.1934
Epoch 116: 0.1934
Epoch 117: 0.1933
Epoch 118: 0.1933
Epoch 119: 0.1933
Epoch 120: 0.1932
Epoch 121: 0.1932
Epoch 122: 0.1932
Epoch 123: 0.1931
Epoch 124: 0.1931
Epoch 125: 0.1931
Epoch 126: 0.1930
Epoch 127: 0.1930
Epoch 128: 0.1929
Epoch 129: 0.1929
Epoch 130: 0.1929
Epoch 131: 0.1928
Epoch 132: 0.1928
Epoch 133: 0.1928
Epoch 134: 0.1927
Epoch 135: 0.1927
Epoch 136: 0.1927
Epoch 137: 0.1926
Epoch 138: 0.1926
Epoch 139: 0.1925
Epoch 140: 0.1925
Epoch 141: 0.1925
Epoch 142: 0.1925
Epoch 143: 0.1924
Epoch 144: 0.1924
Epoch 145: 0.1924
Epoch 146: 0.1923
Epoch 147: 0.1923
Epoch 148: 0.1923
Epoch 149: 0.1923
Epoch 150: 0.1922
Epoch 151: 0.1922
Epoch 152: 0.1922
Epoch 153: 0.1922
Epoch 154: 0.1921
Epoch 155: 0.1921
Epoch 156: 0.1921
Epoch 157: 0.1920
Epoch 158: 0.1920
Epoch 159: 0.1920
Epoch 160: 0.1920
Epoch 161: 0.1919
Epoch 162: 0.1919
Epoch 163: 0.1919
Epoch 164: 0.1919
Epoch 165: 0.1918
Epoch 166: 0.1918
Epoch 167: 0.1918
Epoch 168: 0.1918
Epoch 169: 0.1917
Epoch 170: 0.1917
Epoch 171: 0.1917
Epoch 172: 0.1917
Epoch 173: 0.1916
Epoch 174: 0.1916
Epoch 175: 0.1916
Epoch 176: 0.1916
Epoch 177: 0.1915
Epoch 178: 0.1915
Epoch 179: 0.1915
Epoch 180: 0.1914
Epoch 181: 0.1914
Epoch 182: 0.1914
Epoch 183: 0.1914
Epoch 184: 0.1913
Epoch 185: 0.1913
Epoch 186: 0.1913
Epoch 187: 0.1912
Epoch 188: 0.1912
Epoch 189: 0.1912
Epoch 190: 0.1912
Epoch 191: 0.1911
Epoch 192: 0.1911
Epoch 193: 0.1910
Epoch 194: 0.1910
Epoch 195: 0.1910
Epoch 196: 0.1910
Epoch 197: 0.1909
Epoch 198: 0.1909
Epoch 199: 0.1908
Epoch 200: 0.1908
Epoch 201: 0.1908
Epoch 202: 0.1908
Epoch 203: 0.1907
Epoch 204: 0.1907
Epoch 205: 0.1906
Epoch 206: 0.1906
Epoch 207: 0.1906
Epoch 208: 0.1906
Epoch 209: 0.1905
Epoch 210: 0.1905
Epoch 211: 0.1904
Epoch 212: 0.1904
Epoch 213: 0.1904
Epoch 214: 0.1904
Epoch 215: 0.1903
Epoch 216: 0.1903
Epoch 217: 0.1902
Epoch 218: 0.1902
Epoch 219: 0.1902
Epoch 220: 0.1901
Epoch 221: 0.1901
Epoch 222: 0.1901
Epoch 223: 0.1901
Epoch 224: 0.1900
Epoch 225: 0.1900
Epoch 226: 0.1899
Epoch 227: 0.1899
Epoch 228: 0.1899
Epoch 229: 0.1899
Epoch 230: 0.1898
Epoch 231: 0.1898
Epoch 232: 0.1898
Epoch 233: 0.1897
Epoch 234: 0.1896
Epoch 235: 0.1896
Epoch 236: 0.1895
Epoch 237: 0.1895
Epoch 238: 0.1896
Epoch 239: 0.1895
Epoch 240: 0.1894
Epoch 241: 0.1894
Epoch 242: 0.1894
Epoch 243: 0.1893
Epoch 244: 0.1893
Epoch 245: 0.1892
Epoch 246: 0.1892
Epoch 247: 0.1892
Epoch 248: 0.1891
Epoch 249: 0.1890
Epoch 250: 0.1890
Epoch 251: 0.1890
Epoch 252: 0.1889
Epoch 253: 0.1889
Epoch 254: 0.1889
Epoch 255: 0.1888
Epoch 256: 0.1888
Epoch 257: 0.1888
Epoch 258: 0.1887
Epoch 259: 0.1887
Epoch 260: 0.1887
Epoch 261: 0.1886
Epoch 262: 0.1886
Epoch 263: 0.1886
Epoch 264: 0.1885
Epoch 265: 0.1885
Epoch 266: 0.1885
Epoch 267: 0.1884
Epoch 268: 0.1884
Epoch 269: 0.1884
Epoch 270: 0.1884
Epoch 271: 0.1883
Epoch 272: 0.1883
Epoch 273: 0.1882
Epoch 274: 0.1882
Epoch 275: 0.1881
Epoch 276: 0.1881
Epoch 277: 0.1881
Epoch 278: 0.1881
Epoch 279: 0.1880
Epoch 280: 0.1880
Epoch 281: 0.1880
Epoch 282: 0.1879
Epoch 283: 0.1879
Epoch 284: 0.1879
Epoch 285: 0.1878
Epoch 286: 0.1878
Epoch 287: 0.1878
Epoch 288: 0.1877
Epoch 289: 0.1877
Epoch 290: 0.1877
Epoch 291: 0.1876
Epoch 292: 0.1876
Epoch 293: 0.1876
Epoch 294: 0.1875
Epoch 295: 0.1876
Epoch 296: 0.1875
Epoch 297: 0.1875
Epoch 298: 0.1875
Epoch 299: 0.1874
Epoch 300: 0.1874
Epoch 301: 0.1872
Epoch 302: 0.1870
Epoch 303: 0.1868
Epoch 304: 0.1864
Epoch 305: 0.1859
Epoch 306: 0.1857
Epoch 307: 0.1857
Epoch 308: 0.1856
Epoch 309: 0.1853
Epoch 310: 0.1845
Epoch 311: 0.1823
Epoch 312: 0.1816
Epoch 313: 0.1807
Epoch 314: 0.1811
Epoch 315: 0.1806
Epoch 316: 0.1809
Epoch 317: 0.1800
Epoch 318: 0.1804
Epoch 319: 0.1798
Epoch 320: 0.1800
Epoch 321: 0.1797
Epoch 322: 0.1799
Epoch 323: 0.1794
Epoch 324: 0.1798
Epoch 325: 0.1793
Epoch 326: 0.1794
Epoch 327: 0.1792
Epoch 328: 0.1792
Epoch 329: 0.1790
Epoch 330: 0.1792
Epoch 331: 0.1789
Epoch 332: 0.1789
Epoch 333: 0.1788
Epoch 334: 0.1790
Epoch 335: 0.1786
Epoch 336: 0.1787
Epoch 337: 0.1785
Epoch 338: 0.1785
Epoch 339: 0.1784
Epoch 340: 0.1784
Epoch 341: 0.1782
Epoch 342: 0.1782
Epoch 343: 0.1782
Epoch 344: 0.1781
Epoch 345: 0.1780
Epoch 346: 0.1779
Epoch 347: 0.1780
Epoch 348: 0.1779
Epoch 349: 0.1779
Epoch 350: 0.1778
Epoch 351: 0.1777
Epoch 352: 0.1777
Epoch 353: 0.1776
Epoch 354: 0.1775
Epoch 355: 0.1775
Epoch 356: 0.1774
Epoch 357: 0.1774
Epoch 358: 0.1773
Epoch 359: 0.1773
Epoch 360: 0.1772
Epoch 361: 0.1771
Epoch 362: 0.1771
Epoch 363: 0.1770
Epoch 364: 0.1770
Epoch 365: 0.1769
Epoch 366: 0.1768
Epoch 367: 0.1768
Epoch 368: 0.1767
Epoch 369: 0.1767
Epoch 370: 0.1766
Epoch 371: 0.1766
Epoch 372: 0.1765
Epoch 373: 0.1765
Epoch 374: 0.1764
Epoch 375: 0.1763
Epoch 376: 0.1763
Epoch 377: 0.1762
Epoch 378: 0.1762
Epoch 379: 0.1761
Epoch 380: 0.1761
Epoch 381: 0.1760
Epoch 382: 0.1759
Epoch 383: 0.1759
Epoch 384: 0.1758
Epoch 385: 0.1757
Epoch 386: 0.1757
Epoch 387: 0.1756
Epoch 388: 0.1756
Epoch 389: 0.1755
Epoch 390: 0.1755
Epoch 391: 0.1754
Epoch 392: 0.1753
Epoch 393: 0.1753
Epoch 394: 0.1752
Epoch 395: 0.1752
Epoch 396: 0.1751
Epoch 397: 0.1751
Epoch 398: 0.1750
Epoch 399: 0.1750
Epoch 400: 0.1749
Epoch 401: 0.1749
Epoch 402: 0.1748
Epoch 403: 0.1747
Epoch 404: 0.1747
Epoch 405: 0.1746
Epoch 406: 0.1745
Epoch 407: 0.1745
Epoch 408: 0.1745
Epoch 409: 0.1744
Epoch 410: 0.1743
Epoch 411: 0.1743
Epoch 412: 0.1742
Epoch 413: 0.1742
Epoch 414: 0.1741
Epoch 415: 0.1741
Epoch 416: 0.1740
Epoch 417: 0.1739
Epoch 418: 0.1739
Epoch 419: 0.1738
Epoch 420: 0.1738
Epoch 421: 0.1737
Epoch 422: 0.1737
Epoch 423: 0.1736
Epoch 424: 0.1735
Epoch 425: 0.1735
Epoch 426: 0.1734
Epoch 427: 0.1734
Epoch 428: 0.1733
Epoch 429: 0.1733
Epoch 430: 0.1732
Epoch 431: 0.1732
Epoch 432: 0.1731
Epoch 433: 0.1730
Epoch 434: 0.1730
Epoch 435: 0.1729
Epoch 436: 0.1728
Epoch 437: 0.1728
Epoch 438: 0.1727
Epoch 439: 0.1727
Epoch 440: 0.1727
Epoch 441: 0.1726
Epoch 442: 0.1725
Epoch 443: 0.1725
Epoch 444: 0.1725
Epoch 445: 0.1725
Epoch 446: 0.1723
Epoch 447: 0.1723
Epoch 448: 0.1722
Epoch 449: 0.1722
Epoch 450: 0.1721
Epoch 451: 0.1721
Epoch 452: 0.1721
Epoch 453: 0.1720
Epoch 454: 0.1719
Epoch 455: 0.1718
Epoch 456: 0.1718
Epoch 457: 0.1718
Epoch 458: 0.1718
Epoch 459: 0.1717
Epoch 460: 0.1717
Epoch 461: 0.1716
Epoch 462: 0.1715
Epoch 463: 0.1715
Epoch 464: 0.1714
Epoch 465: 0.1714
Epoch 466: 0.1714
Epoch 467: 0.1714
Epoch 468: 0.1715
Epoch 469: 0.1716
Epoch 470: 0.1718
Epoch 471: 0.1720
Epoch 472: 0.1722
Epoch 473: 0.1724
Epoch 474: 0.1724
Epoch 475: 0.1722
Epoch 476: 0.1716
Epoch 477: 0.1710
Epoch 478: 0.1706
Epoch 479: 0.1705
Epoch 480: 0.1706
Epoch 481: 0.1709
Epoch 482: 0.1711
Epoch 483: 0.1712
Epoch 484: 0.1711
Epoch 485: 0.1709
Epoch 486: 0.1707
Epoch 487: 0.1703
Epoch 488: 0.1700
Epoch 489: 0.1700
Epoch 490: 0.1701
Epoch 491: 0.1702
Epoch 492: 0.1703
Epoch 493: 0.1705
Epoch 494: 0.1708
Epoch 495: 0.1711
Epoch 496: 0.1713
Epoch 497: 0.1712
Epoch 498: 0.1708
Epoch 499: 0.1703
Epoch 500: 0.1697
Loss for station 51002: 3.1529 +- 0.0000 meters
10 highest loss values: [3.1529]
10 lowest loss values: [3.1529]
